#
# A fatal error has been detected by the Java Runtime Environment:
#
#  SIGSEGV (0xb) at pc=0x00007f13345c8eb3, pid=2531, tid=0x00007f13322d0700
#
# JRE version: OpenJDK Runtime Environment (8.0_112-b06) (build 1.8.0_112-release-b06)
# Java VM: OpenJDK 64-Bit Server VM (25.112-b06 mixed mode linux-amd64 compressed oops)
# Problematic frame:
# V  [libjvm.so+0x486eb3]  oopDesc::size()+0x43
#
# Failed to write core dump. Core dumps have been disabled. To enable core dumping, try "ulimit -c unlimited" before starting Java again
#
# If you would like to submit a bug report, please visit:
#   http://bugreport.java.com/bugreport/crash.jsp
#

---------------  T H R E A D  ---------------

Current thread (0x00007f132c022800):  GCTaskThread [stack: 0x00007f13321d0000,0x00007f13322d1000] [id=2535]

siginfo: si_signo: 11 (SIGSEGV), si_code: 1 (SEGV_MAPERR), si_addr: 0x0000000500000b10

Registers:
RAX=0x00007f1334fe6c40, RBX=0x00000000d1958fa0, RCX=0x0000000000000003, RDX=0x0000000500000b08
RSP=0x00007f13322cfbe0, RBP=0x00007f13322cfbe0, RSI=0x0000000000000001, RDI=0x00000000d1958fa0
R8 =0x00000000d1958fa0, R9 =0x0000000000000018, R10=0x00007f1335010340, R11=0x0000020000000000
R12=0x00007f132c0743b0, R13=0x0000000100811118, R14=0x00000000d1958f98, R15=0x00000000d1958f9c
RIP=0x00007f13345c8eb3, EFLAGS=0x0000000000010202, CSGSFS=0x002b000000000033, ERR=0x0000000000000004
  TRAPNO=0x000000000000000e

Top of Stack: (sp=0x00007f13322cfbe0)
0x00007f13322cfbe0:   00007f13322cfc50 00007f1334733b20
0x00007f13322cfbf0:   00007f1335010340 00007f132c0743f0
0x00007f13322cfc00:   00000000d1958f80 0000000100811120
0x00007f13322cfc10:   00007f1335010340 0000000000000007
0x00007f13322cfc20:   00007f132c0743b0 00007f133500c3d0
0x00007f13322cfc30:   00007f132c026a60 00007f132c0743b0
0x00007f13322cfc40:   00007f132c022da0 00007f132c022d50
0x00007f13322cfc50:   00007f13322cfd20 00007f13349ea892
0x00007f13322cfc60:   00000000012b5ff8 00007f132c074440
0x00007f13322cfc70:   00007f132c074470 00007f13322cfc90
0x00007f13322cfc80:   00007f132c0743c0 0000000000000000
0x00007f13322cfc90:   00007f132c0743f0 00007f1335b36d78
0x00007f13322cfca0:   00000000ec7568c8 0000000000000038
0x00007f13322cfcb0:   00000000d1958f80 0000000000000c00
0x00007f13322cfcc0:   0000000000000000 0000000000000000
0x00007f13322cfcd0:   00000000eade8100 00007f129c0ae000
0x00007f13322cfce0:   00000000da300001 00007f133504c301
0x00007f13322cfcf0:   0000000000000000 00007f132c022d90
0x00007f13322cfd00:   00007f132c026a60 00007f132c0743b0
0x00007f13322cfd10:   00007f132c022da0 00007f132c022d50
0x00007f13322cfd20:   00007f13322cfe00 00007f13349cf67c
0x00007f13322cfd30:   0000000000000000 00007f13322cfd50
0x00007f13322cfd40:   00000000000003d8 00007f132c023178
0x00007f13322cfd50:   00007f1334fcbe70 00007f132c01e800
0x00007f13322cfd60:   00007f132c0743b0 0000000000000000
0x00007f13322cfd70:   00007f1334fc4740 00007f132c022800
0x00007f13322cfd80:   00007f13322cfd50 00007f1334952700
0x00007f13322cfd90:   00007f1334fc46a0 00007f132c022800
0x00007f13322cfda0:   00007f13322cfd50 00007f1334fc4680
0x00007f13322cfdb0:   00007f132c01e900 00007f13322cfd50
0x00007f13322cfdc0:   00007f132c01e701 00007f132c026a60
0x00007f13322cfdd0:   00007f13322cfe00 0000000000000001 

Instructions: (pc=0x00007f13345c8eb3)
0x00007f13345c8e93:   c1 f8 03 5d c3 0f 1f 84 00 00 00 00 00 48 8d 05
0x00007f13345c8ea3:   99 dd a1 00 8b 57 08 8b 48 08 48 d3 e2 48 03 10
0x00007f13345c8eb3:   8b 42 08 83 f8 00 7f d4 75 1b 0f 1f 00 48 8b 02
0x00007f13345c8ec3:   48 89 fe 48 89 d7 5d 48 8b 80 e8 00 00 00 ff e0 

Register to memory mapping:

RAX=0x00007f1334fe6c40: <offset 0xea4c40> in /home/hilary/android-studio/jre/jre/lib/amd64/server/libjvm.so at 0x00007f1334142000
RBX=
[error occurred during error reporting (printing register info), id 0xb]

Stack: [0x00007f13321d0000,0x00007f13322d1000],  sp=0x00007f13322cfbe0,  free space=1022k
Native frames: (J=compiled Java code, j=interpreted, Vv=VM code, C=native code)
V  [libjvm.so+0x486eb3]  oopDesc::size()+0x43
V  [libjvm.so+0x5f1b20]  InstanceKlass::oop_follow_contents(ParCompactionManager*, oopDesc*)+0x2f0
V  [libjvm.so+0x8a8892]  ParCompactionManager::follow_marking_stacks()+0x402
V  [libjvm.so+0x88d67c]  ThreadRootsMarkingTask::do_it(GCTaskManager*, unsigned int)+0x12c
V  [libjvm.so+0x5816c2]  GCTaskThread::run()+0x162
V  [libjvm.so+0x849c82]  java_start(Thread*)+0xf2


---------------  P R O C E S S  ---------------

Java Threads: ( => current thread )
  0x00007f129c0ae000 JavaThread "pool-4-thread-1" [_thread_blocked, id=2577, stack(0x00007f12a35fa000,0x00007f12a36fb000)]
  0x00007f129c070800 JavaThread "pool-5-thread-4" [_thread_blocked, id=2574, stack(0x00007f12a38fb000,0x00007f12a39fc000)]
  0x00007f129c06e800 JavaThread "pool-5-thread-3" [_thread_blocked, id=2573, stack(0x00007f12a39fc000,0x00007f12a3afd000)]
  0x00007f129c06d000 JavaThread "pool-5-thread-2" [_thread_blocked, id=2572, stack(0x00007f12a3afd000,0x00007f12a3bfe000)]
  0x00007f129c06b000 JavaThread "pool-6-thread-1" [_thread_blocked, id=2571, stack(0x00007f12a3bfe000,0x00007f12a3cff000)]
  0x00007f129c069800 JavaThread "pool-5-thread-1" [_thread_blocked, id=2570, stack(0x00007f12a3cff000,0x00007f12a3e00000)]
  0x00007f12c57bc000 JavaThread "pool-3-thread-1" [_thread_blocked, id=2569, stack(0x00007f12e0173000,0x00007f12e0274000)]
  0x00007f12c5789800 JavaThread "Task worker Thread 3" [_thread_blocked, id=2568, stack(0x00007f12e0b31000,0x00007f12e0c32000)]
  0x00007f12c578f000 JavaThread "Task worker Thread 2" [_thread_blocked, id=2567, stack(0x00007f12e0c32000,0x00007f12e0d33000)]
  0x00007f12c5788000 JavaThread "Task worker" [_thread_blocked, id=2566, stack(0x00007f12e0d33000,0x00007f12e0e34000)]
  0x00007f12c57b8800 JavaThread "Cache update executor" [_thread_blocked, id=2565, stack(0x00007f12e0e34000,0x00007f12e0f35000)]
  0x00007f12c50ae000 JavaThread "pool-2-thread-1" [_thread_blocked, id=2563, stack(0x00007f12e1f48000,0x00007f12e2049000)]
  0x00007f12c4e47000 JavaThread "File lock request listener" [_thread_in_native, id=2562, stack(0x00007f12e27ee000,0x00007f12e28ef000)]
  0x00007f12c4d64800 JavaThread "process reaper" daemon [_thread_blocked, id=2561, stack(0x00007f1318014000,0x00007f131804d000)]
  0x00007f12c4007800 JavaThread "Stdin handler" [_thread_blocked, id=2557, stack(0x00007f12e32ef000,0x00007f12e33f0000)]
  0x00007f12c4006000 JavaThread "Asynchronous log dispatcher for DefaultDaemonConnection: socket connection from /127.0.0.1:39125 to /127.0.0.1:48904" [_thread_blocked, id=2556, stack(0x00007f12e33f0000,0x00007f12e34f1000)]
  0x00007f12d4007800 JavaThread "Daemon worker" [_thread_blocked, id=2555, stack(0x00007f12e34f1000,0x00007f12e35f2000)]
  0x00007f12d4004000 JavaThread "Cancel handler" [_thread_blocked, id=2554, stack(0x00007f12e35f2000,0x00007f12e36f3000)]
  0x00007f132cd0e000 JavaThread "pool-1-thread-1" [_thread_blocked, id=2553, stack(0x00007f12e36f3000,0x00007f12e37f4000)]
  0x00007f12d4005800 JavaThread "Handler for socket connection from /127.0.0.1:39125 to /127.0.0.1:48904" [_thread_in_native, id=2552, stack(0x00007f12e39f4000,0x00007f12e3af5000)]
  0x00007f12dc010000 JavaThread "Daemon" [_thread_blocked, id=2551, stack(0x00007f12e3af5000,0x00007f12e3bf6000)]
  0x00007f132ccad000 JavaThread "Incoming local TCP Connector on port 39125" [_thread_in_native, id=2550, stack(0x00007f13180ce000,0x00007f13181cf000)]
  0x00007f132c0c7800 JavaThread "Service Thread" daemon [_thread_blocked, id=2546, stack(0x00007f13196f2000,0x00007f13197f3000)]
  0x00007f132c0bc800 JavaThread "C1 CompilerThread2" daemon [_thread_blocked, id=2545, stack(0x00007f13197f3000,0x00007f13198f4000)]
  0x00007f132c0ba800 JavaThread "C2 CompilerThread1" daemon [_thread_blocked, id=2544, stack(0x00007f13198f4000,0x00007f13199f5000)]
  0x00007f132c0b7800 JavaThread "C2 CompilerThread0" daemon [_thread_blocked, id=2543, stack(0x00007f13199f5000,0x00007f1319af6000)]
  0x00007f132c0b6000 JavaThread "Signal Dispatcher" daemon [_thread_blocked, id=2542, stack(0x00007f1319af6000,0x00007f1319bf7000)]
  0x00007f132c083800 JavaThread "Finalizer" daemon [_thread_blocked, id=2541, stack(0x00007f13300a6000,0x00007f13301a7000)]
  0x00007f132c07f000 JavaThread "Reference Handler" daemon [_thread_blocked, id=2540, stack(0x00007f13301a7000,0x00007f13302a8000)]
  0x00007f132c00a000 JavaThread "main" [_thread_blocked, id=2532, stack(0x00007f1335b43000,0x00007f1335c44000)]

Other Threads:
  0x00007f132c077800 VMThread [stack: 0x00007f13302a8000,0x00007f13303a9000] [id=2539]
  0x00007f132c0ca000 WatcherThread [stack: 0x00007f13195f1000,0x00007f13196f2000] [id=2547]

=>0x00007f132c022800 (exited) GCTaskThread [stack: 0x00007f13321d0000,0x00007f13322d1000] [id=2535]

VM state:at safepoint (normal execution)

VM Mutex/Monitor currently owned by a thread:  ([mutex/lock_event])
[0x00007f132c006380] Threads_lock - owner thread: 0x00007f132c077800
[0x00007f132c006880] Heap_lock - owner thread: 0x00007f129c070800

Heap:
 PSYoungGen      total 349696K, used 175104K [0x00000000e0000000, 0x0000000100000000, 0x0000000100000000)
  eden space 175104K, 100% used [0x00000000e0000000,0x00000000eab00000,0x00000000eab00000)
  from space 174592K, 0% used [0x00000000eab00000,0x00000000eab00000,0x00000000f5580000)
  to   space 174592K, 0% used [0x00000000f5580000,0x00000000f5580000,0x0000000100000000)
 ParOldGen       total 1048576K, used 979187K [0x00000000a0000000, 0x00000000e0000000, 0x00000000e0000000)
  object space 1048576K, 93% used [0x00000000a0000000,0x00000000dbc3ce40,0x00000000e0000000)
 Metaspace       used 60760K, capacity 62652K, committed 64280K, reserved 1105920K
  class space    used 7833K, capacity 8192K, committed 8496K, reserved 1048576K

Card table byte_map: [0x00007f13326d3000,0x00007f13329d4000] byte_map_base: 0x00007f13321d3000

Marking Bits: (ParMarkBitMap*) 0x00007f1335010340
 Begin Bits: [0x00007f131a000000, 0x00007f131b800000)
 End Bits:   [0x00007f131b800000, 0x00007f131d000000)

Polling page: 0x00007f1335c63000

CodeCache: size=245760Kb used=36678Kb max_used=38186Kb free=209082Kb
 bounds [0x00007f131d000000, 0x00007f131f5c0000, 0x00007f132c000000]
 total_blobs=11042 nmethods=10265 adapters=689
 compilation: enabled

Compilation events (10 events):
Event: 53.222 Thread 0x00007f132c0bc800 13401       3       com.android.dx.dex.file.TypeIdItem::addContents (16 bytes)
Event: 53.222 Thread 0x00007f132c0bc800 nmethod 13401 0x00007f131e8bf890 code [0x00007f131e8bfa60, 0x00007f131e8c0408]
Event: 53.222 Thread 0x00007f132c0bc800 13402       3       com.android.dx.rop.cst.CstType::getDescriptor (30 bytes)
Event: 53.223 Thread 0x00007f132c0bc800 nmethod 13402 0x00007f131e8bf350 code [0x00007f131e8bf4c0, 0x00007f131e8bf7a8]
Event: 53.230 Thread 0x00007f132c0ba800 nmethod 13387 0x00007f131ef63810 code [0x00007f131ef63b00, 0x00007f131ef65938]
Event: 53.230 Thread 0x00007f132c0ba800 13403       4       com.android.dx.ssa.Optimizer::runSsaFormSteps (117 bytes)
Event: 53.234 Thread 0x00007f132c0b7800 nmethod 13399 0x00007f131e5adf90 code [0x00007f131e5ae1a0, 0x00007f131e5aec98]
Event: 53.235 Thread 0x00007f132c0b7800 13404       4       com.android.dx.ssa.LocalVariableExtractor::<init> (61 bytes)
Event: 53.262 Thread 0x00007f132c0b7800 nmethod 13404 0x00007f131eef9dd0 code [0x00007f131eef9f60, 0x00007f131eefa578]
Event: 53.262 Thread 0x00007f132c0b7800 13409       4       com.android.dx.ssa.SsaMethod::makeNewGotoBlock (52 bytes)

GC Heap History (10 events):
Event: 46.058 GC heap after
Heap after GC invocations=50 (full 8):
 PSYoungGen      total 349696K, used 53768K [0x00000000e0000000, 0x0000000100000000, 0x0000000100000000)
  eden space 175104K, 0% used [0x00000000e0000000,0x00000000e0000000,0x00000000eab00000)
  from space 174592K, 30% used [0x00000000f5580000,0x00000000f8a02130,0x0000000100000000)
  to   space 174592K, 0% used [0x00000000eab00000,0x00000000eab00000,0x00000000f5580000)
 ParOldGen       total 1048576K, used 867335K [0x00000000a0000000, 0x00000000e0000000, 0x00000000e0000000)
  object space 1048576K, 82% used [0x00000000a0000000,0x00000000d4f01f68,0x00000000e0000000)
 Metaspace       used 60735K, capacity 62588K, committed 64280K, reserved 1105920K
  class space    used 7832K, capacity 8192K, committed 8496K, reserved 1048576K
}
Event: 46.598 GC heap before
{Heap before GC invocations=51 (full 8):
 PSYoungGen      total 349696K, used 228872K [0x00000000e0000000, 0x0000000100000000, 0x0000000100000000)
  eden space 175104K, 100% used [0x00000000e0000000,0x00000000eab00000,0x00000000eab00000)
  from space 174592K, 30% used [0x00000000f5580000,0x00000000f8a02130,0x0000000100000000)
  to   space 174592K, 0% used [0x00000000eab00000,0x00000000eab00000,0x00000000f5580000)
 ParOldGen       total 1048576K, used 867335K [0x00000000a0000000, 0x00000000e0000000, 0x00000000e0000000)
  object space 1048576K, 82% used [0x00000000a0000000,0x00000000d4f01f68,0x00000000e0000000)
 Metaspace       used 60735K, capacity 62588K, committed 64280K, reserved 1105920K
  class space    used 7832K, capacity 8192K, committed 8496K, reserved 1048576K
Event: 46.715 GC heap after
Heap after GC invocations=51 (full 8):
 PSYoungGen      total 349696K, used 25297K [0x00000000e0000000, 0x0000000100000000, 0x0000000100000000)
  eden space 175104K, 0% used [0x00000000e0000000,0x00000000e0000000,0x00000000eab00000)
  from space 174592K, 14% used [0x00000000eab00000,0x00000000ec3b4650,0x00000000f5580000)
  to   space 174592K, 0% used [0x00000000f5580000,0x00000000f5580000,0x0000000100000000)
 ParOldGen       total 1048576K, used 919557K [0x00000000a0000000, 0x00000000e0000000, 0x00000000e0000000)
  object space 1048576K, 87% used [0x00000000a0000000,0x00000000d8201460,0x00000000e0000000)
 Metaspace       used 60735K, capacity 62588K, committed 64280K, reserved 1105920K
  class space    used 7832K, capacity 8192K, committed 8496K, reserved 1048576K
}
Event: 47.274 GC heap before
{Heap before GC invocations=52 (full 8):
 PSYoungGen      total 349696K, used 200401K [0x00000000e0000000, 0x0000000100000000, 0x0000000100000000)
  eden space 175104K, 100% used [0x00000000e0000000,0x00000000eab00000,0x00000000eab00000)
  from space 174592K, 14% used [0x00000000eab00000,0x00000000ec3b4650,0x00000000f5580000)
  to   space 174592K, 0% used [0x00000000f5580000,0x00000000f5580000,0x0000000100000000)
 ParOldGen       total 1048576K, used 919557K [0x00000000a0000000, 0x00000000e0000000, 0x00000000e0000000)
  object space 1048576K, 87% used [0x00000000a0000000,0x00000000d8201460,0x00000000e0000000)
 Metaspace       used 60735K, capacity 62588K, committed 64280K, reserved 1105920K
  class space    used 7832K, capacity 8192K, committed 8496K, reserved 1048576K
Event: 47.360 GC heap after
Heap after GC invocations=52 (full 8):
 PSYoungGen      total 349696K, used 25424K [0x00000000e0000000, 0x0000000100000000, 0x0000000100000000)
  eden space 175104K, 0% used [0x00000000e0000000,0x00000000e0000000,0x00000000eab00000)
  from space 174592K, 14% used [0x00000000f5580000,0x00000000f6e541a0,0x0000000100000000)
  to   space 174592K, 0% used [0x00000000eab00000,0x00000000eab00000,0x00000000f5580000)
 ParOldGen       total 1048576K, used 943904K [0x00000000a0000000, 0x00000000e0000000, 0x00000000e0000000)
  object space 1048576K, 90% used [0x00000000a0000000,0x00000000d99c83b0,0x00000000e0000000)
 Metaspace       used 60735K, capacity 62588K, committed 64280K, reserved 1105920K
  class space    used 7832K, capacity 8192K, committed 8496K, reserved 1048576K
}
Event: 47.766 GC heap before
{Heap before GC invocations=53 (full 8):
 PSYoungGen      total 349696K, used 200528K [0x00000000e0000000, 0x0000000100000000, 0x0000000100000000)
  eden space 175104K, 100% used [0x00000000e0000000,0x00000000eab00000,0x00000000eab00000)
  from space 174592K, 14% used [0x00000000f5580000,0x00000000f6e541a0,0x0000000100000000)
  to   space 174592K, 0% used [0x00000000eab00000,0x00000000eab00000,0x00000000f5580000)
 ParOldGen       total 1048576K, used 943904K [0x00000000a0000000, 0x00000000e0000000, 0x00000000e0000000)
  object space 1048576K, 90% used [0x00000000a0000000,0x00000000d99c83b0,0x00000000e0000000)
 Metaspace       used 60755K, capacity 62652K, committed 64280K, reserved 1105920K
  class space    used 7833K, capacity 8192K, committed 8496K, reserved 1048576K
Event: 47.844 GC heap after
Heap after GC invocations=53 (full 8):
 PSYoungGen      total 349696K, used 29018K [0x00000000e0000000, 0x0000000100000000, 0x0000000100000000)
  eden space 175104K, 0% used [0x00000000e0000000,0x00000000e0000000,0x00000000eab00000)
  from space 174592K, 16% used [0x00000000eab00000,0x00000000ec7568c8,0x00000000f5580000)
  to   space 174592K, 0% used [0x00000000f5580000,0x00000000f5580000,0x0000000100000000)
 ParOldGen       total 1048576K, used 967507K [0x00000000a0000000, 0x00000000e0000000, 0x00000000e0000000)
  object space 1048576K, 92% used [0x00000000a0000000,0x00000000db0d4d20,0x00000000e0000000)
 Metaspace       used 60755K, capacity 62652K, committed 64280K, reserved 1105920K
  class space    used 7833K, capacity 8192K, committed 8496K, reserved 1048576K
}
Event: 47.844 GC heap before
{Heap before GC invocations=54 (full 9):
 PSYoungGen      total 349696K, used 29018K [0x00000000e0000000, 0x0000000100000000, 0x0000000100000000)
  eden space 175104K, 0% used [0x00000000e0000000,0x00000000e0000000,0x00000000eab00000)
  from space 174592K, 16% used [0x00000000eab00000,0x00000000ec7568c8,0x00000000f5580000)
  to   space 174592K, 0% used [0x00000000f5580000,0x00000000f5580000,0x0000000100000000)
 ParOldGen       total 1048576K, used 967507K [0x00000000a0000000, 0x00000000e0000000, 0x00000000e0000000)
  object space 1048576K, 92% used [0x00000000a0000000,0x00000000db0d4d20,0x00000000e0000000)
 Metaspace       used 60755K, capacity 62652K, committed 64280K, reserved 1105920K
  class space    used 7833K, capacity 8192K, committed 8496K, reserved 1048576K
Event: 52.904 GC heap after
Heap after GC invocations=54 (full 9):
 PSYoungGen      total 349696K, used 0K [0x00000000e0000000, 0x0000000100000000, 0x0000000100000000)
  eden space 175104K, 0% used [0x00000000e0000000,0x00000000e0000000,0x00000000eab00000)
  from space 174592K, 0% used [0x00000000eab00000,0x00000000eab00000,0x00000000f5580000)
  to   space 174592K, 0% used [0x00000000f5580000,0x00000000f5580000,0x0000000100000000)
 ParOldGen       total 1048576K, used 979187K [0x00000000a0000000, 0x00000000e0000000, 0x00000000e0000000)
  object space 1048576K, 93% used [0x00000000a0000000,0x00000000dbc3ce40,0x00000000e0000000)
 Metaspace       used 60755K, capacity 62652K, committed 64280K, reserved 1105920K
  class space    used 7833K, capacity 8192K, committed 8496K, reserved 1048576K
}
Event: 53.274 GC heap before
{Heap before GC invocations=55 (full 10):
 PSYoungGen      total 349696K, used 175104K [0x00000000e0000000, 0x0000000100000000, 0x0000000100000000)
  eden space 175104K, 100% used [0x00000000e0000000,0x00000000eab00000,0x00000000eab00000)
  from space 174592K, 0% used [0x00000000eab00000,0x00000000eab00000,0x00000000f5580000)
  to   space 174592K, 0% used [0x00000000f5580000,0x00000000f5580000,0x0000000100000000)
 ParOldGen       total 1048576K, used 979187K [0x00000000a0000000, 0x00000000e0000000, 0x00000000e0000000)
  object space 1048576K, 93% used [0x00000000a0000000,0x00000000dbc3ce40,0x00000000e0000000)
 Metaspace       used 60760K, capacity 62652K, committed 64280K, reserved 1105920K
  class space    used 7833K, capacity 8192K, committed 8496K, reserved 1048576K

Deoptimization events (10 events):
Event: 42.526 Thread 0x00007f129c06e800 Uncommon trap: reason=unstable_if action=reinterpret pc=0x00007f131f1457e4 method=java.util.concurrent.ConcurrentHashMap$TreeBin.putTreeVal(ILjava/lang/Object;Ljava/lang/Object;)Ljava/util/concurrent/ConcurrentHashMap$TreeNode; @ 131
Event: 44.935 Thread 0x00007f129c06b000 Uncommon trap: reason=unstable_if action=reinterpret pc=0x00007f131dd7bce4 method=java.util.concurrent.locks.ReentrantLock$Sync.nonfairTryAcquire(I)Z @ 19
Event: 46.505 Thread 0x00007f129c0ae000 Uncommon trap: reason=unstable_if action=reinterpret pc=0x00007f131f42969c method=com.android.dx.dex.code.DalvCode.hasPositions()Z @ 15
Event: 46.847 Thread 0x00007f129c069800 Uncommon trap: reason=bimorphic action=maybe_recompile pc=0x00007f131f46e858 method=com.android.dx.cf.code.BytecodeArray.parseInstruction(ILcom/android/dx/cf/code/BytecodeArray$Visitor;)I @ 1525
Event: 46.847 Thread 0x00007f129c069800 Uncommon trap: reason=bimorphic action=maybe_recompile pc=0x00007f131f46e858 method=com.android.dx.cf.code.BytecodeArray.parseInstruction(ILcom/android/dx/cf/code/BytecodeArray$Visitor;)I @ 1525
Event: 47.465 Thread 0x00007f129c0ae000 Uncommon trap: reason=unstable_if action=reinterpret pc=0x00007f131f14bd08 method=com.android.dx.dex.file.ValueEncoder.addContents(Lcom/android/dx/dex/file/DexFile;Lcom/android/dx/rop/cst/Constant;)V @ 4
Event: 47.509 Thread 0x00007f129c06d000 Uncommon trap: reason=unstable_if action=reinterpret pc=0x00007f131f37fe40 method=com.android.dx.cf.code.Simulator$SimVisitor.visitNoArgs(IIILcom/android/dx/rop/type/Type;)V @ 1330
Event: 52.905 Thread 0x00007f132cd0e000 Uncommon trap: reason=unstable_if action=reinterpret pc=0x00007f131d5d65e4 method=java.io.ExpiringCache.entryFor(Ljava/lang/String;)Ljava/io/ExpiringCache$Entry; @ 39
Event: 52.942 Thread 0x00007f12c57bc000 Uncommon trap: reason=unstable_if action=reinterpret pc=0x00007f131f3dc9a8 method=com.android.dx.rop.code.AccessFlags.isNative(I)Z @ 5
Event: 52.943 Thread 0x00007f12c57bc000 Uncommon trap: reason=unloaded action=reinterpret pc=0x00007f131f484004 method=com.android.dx.dex.cf.CfTranslator.coerceConstant(Lcom/android/dx/rop/cst/TypedConstant;Lcom/android/dx/rop/type/Type;)Lcom/android/dx/rop/cst/TypedConstant; @ 82

Internal exceptions (10 events):
Event: 11.377 Thread 0x00007f12c5788000 Exception <a 'java/lang/NoSuchMethodError': <clinit>> (0x00000000e072cf48) thrown at [/ssd/Android/AOSP-openjdk/external/jetbrains/jdk/hotspot/src/share/vm/prims/jni.cpp, line 1613]
Event: 13.059 Thread 0x00007f12c578f000 Implicit null exception at 0x00007f131e5ec684 to 0x00007f131e5ecd71
Event: 16.590 Thread 0x00007f129c06e800 Implicit null exception at 0x00007f131e4dab65 to 0x00007f131e4db5d5
Event: 18.982 Thread 0x00007f129c069800 Implicit null exception at 0x00007f131f1ec4c8 to 0x00007f131f1ecbed
Event: 23.070 Thread 0x00007f12c57bc000 Implicit null exception at 0x00007f131d3406c3 to 0x00007f131d340d45
Event: 28.710 Thread 0x00007f129c06e800 Implicit null exception at 0x00007f131f390a87 to 0x00007f131f390c6d
Event: 39.280 Thread 0x00007f129c070800 Implicit null exception at 0x00007f131f258641 to 0x00007f131f259f11
Event: 39.291 Thread 0x00007f129c069800 Implicit null exception at 0x00007f131ef8da00 to 0x00007f131ef8e405
Event: 40.981 Thread 0x00007f129c069800 Implicit null exception at 0x00007f131e546449 to 0x00007f131e547271
Event: 40.984 Thread 0x00007f129c069800 Implicit null exception at 0x00007f131edfecc7 to 0x00007f131edffc9d

Events (10 events):
Event: 53.155 Thread 0x00007f132c0ba800 flushing nmethod 0x00007f131ee7e450
Event: 53.155 Thread 0x00007f132c0ba800 flushing nmethod 0x00007f131eef9dd0
Event: 53.155 Thread 0x00007f132c0ba800 flushing nmethod 0x00007f131ef05f10
Event: 53.159 Thread 0x00007f132c0bc800 flushing nmethod 0x00007f131efe5a10
Event: 53.159 Thread 0x00007f132c0bc800 flushing nmethod 0x00007f131f109810
Event: 53.160 Thread 0x00007f132c0bc800 flushing nmethod 0x00007f131f1f4810
Event: 53.160 Thread 0x00007f132c0bc800 flushing nmethod 0x00007f131f24a6d0
Event: 53.246 Thread 0x00007f129c06e800 DEOPT PACKING pc=0x00007f131f0e163e sp=0x00007f12a3afb660
Event: 53.246 Thread 0x00007f129c06e800 DEOPT UNPACKING pc=0x00007f131d047373 sp=0x00007f12a3afb468 mode 0
Event: 53.274 Executing VM operation: ParallelGCFailedAllocation


Dynamic libraries:
00400000-00401000 r-xp 00000000 08:06 4587778                            /home/hilary/android-studio/jre/bin/java
00600000-00601000 r--p 00000000 08:06 4587778                            /home/hilary/android-studio/jre/bin/java
00601000-00602000 rw-p 00001000 08:06 4587778                            /home/hilary/android-studio/jre/bin/java
025ae000-025cf000 rw-p 00000000 00:00 0                                  [heap]
a0000000-e0000000 rw-p 00000000 00:00 0 
e0000000-100000000 rw-p 00000000 00:00 0 
100000000-10084c000 rw-p 00000000 00:00 0 
10084c000-140000000 ---p 00000000 00:00 0 
7f1298000000-7f129805b000 rw-p 00000000 00:00 0 
7f129805b000-7f129c000000 ---p 00000000 00:00 0 
7f129c000000-7f129c2ee000 rw-p 00000000 00:00 0 
7f129c2ee000-7f12a0000000 ---p 00000000 00:00 0 
7f12a35fa000-7f12a35fd000 ---p 00000000 00:00 0 
7f12a35fd000-7f12a377b000 rw-p 00000000 00:00 0 
7f12a377b000-7f12a38fb000 ---p 00000000 00:00 0 
7f12a38fb000-7f12a38fe000 ---p 00000000 00:00 0 
7f12a38fe000-7f12a39fc000 rw-p 00000000 00:00 0 
7f12a39fc000-7f12a39ff000 ---p 00000000 00:00 0 
7f12a39ff000-7f12a3afd000 rw-p 00000000 00:00 0 
7f12a3afd000-7f12a3b00000 ---p 00000000 00:00 0 
7f12a3b00000-7f12a3bfe000 rw-p 00000000 00:00 0 
7f12a3bfe000-7f12a3c01000 ---p 00000000 00:00 0 
7f12a3c01000-7f12a3cff000 rw-p 00000000 00:00 0 
7f12a3cff000-7f12a3d02000 ---p 00000000 00:00 0 
7f12a3d02000-7f12a4000000 rw-p 00000000 00:00 0 
7f12a4000000-7f12a464e000 rw-p 00000000 00:00 0 
7f12a464e000-7f12a8000000 ---p 00000000 00:00 0 
7f12a8000000-7f12a805c000 rw-p 00000000 00:00 0 
7f12a805c000-7f12ac000000 ---p 00000000 00:00 0 
7f12ac000000-7f12ac074000 rw-p 00000000 00:00 0 
7f12ac074000-7f12b0000000 ---p 00000000 00:00 0 
7f12b0000000-7f12b0085000 rw-p 00000000 00:00 0 
7f12b0085000-7f12b4000000 ---p 00000000 00:00 0 
7f12b4000000-7f12b4021000 rw-p 00000000 00:00 0 
7f12b4021000-7f12b8000000 ---p 00000000 00:00 0 
7f12b8000000-7f12b8021000 rw-p 00000000 00:00 0 
7f12b8021000-7f12bc000000 ---p 00000000 00:00 0 
7f12bc000000-7f12bc021000 rw-p 00000000 00:00 0 
7f12bc021000-7f12c0000000 ---p 00000000 00:00 0 
7f12c0000000-7f12c0021000 rw-p 00000000 00:00 0 
7f12c0021000-7f12c4000000 ---p 00000000 00:00 0 
7f12c4000000-7f12c5822000 rw-p 00000000 00:00 0 
7f12c5822000-7f12c8000000 ---p 00000000 00:00 0 
7f12c8000000-7f12c8021000 rw-p 00000000 00:00 0 
7f12c8021000-7f12cc000000 ---p 00000000 00:00 0 
7f12cc000000-7f12cc021000 rw-p 00000000 00:00 0 
7f12cc021000-7f12d0000000 ---p 00000000 00:00 0 
7f12d0000000-7f12d0021000 rw-p 00000000 00:00 0 
7f12d0021000-7f12d4000000 ---p 00000000 00:00 0 
7f12d4000000-7f12d4021000 rw-p 00000000 00:00 0 
7f12d4021000-7f12d8000000 ---p 00000000 00:00 0 
7f12d8000000-7f12d8021000 rw-p 00000000 00:00 0 
7f12d8021000-7f12dc000000 ---p 00000000 00:00 0 
7f12dc000000-7f12dc06d000 rw-p 00000000 00:00 0 
7f12dc06d000-7f12e0000000 ---p 00000000 00:00 0 
7f12e002b000-7f12e0173000 r--s 00d24000 08:06 18089634                   /home/hilary/Desktop/TaxiNdaani/app/build/intermediates/transforms/jarMerging/debug/jars/1/1f/combined.jar
7f12e0173000-7f12e0176000 ---p 00000000 00:00 0 
7f12e0176000-7f12e0474000 rw-p 00000000 00:00 0 
7f12e052d000-7f12e0727000 rw-p 00000000 00:00 0 
7f12e0727000-7f12e072d000 ---p 00000000 00:00 0 
7f12e0731000-7f12e0931000 rw-p 00000000 00:00 0 
7f12e0931000-7f12e0b31000 rw-p 00000000 00:00 0 
7f12e0b31000-7f12e0b34000 ---p 00000000 00:00 0 
7f12e0b34000-7f12e0c32000 rw-p 00000000 00:00 0 
7f12e0c32000-7f12e0c35000 ---p 00000000 00:00 0 
7f12e0c35000-7f12e0d33000 rw-p 00000000 00:00 0 
7f12e0d33000-7f12e0d36000 ---p 00000000 00:00 0 
7f12e0d36000-7f12e0e34000 rw-p 00000000 00:00 0 
7f12e0e34000-7f12e0e37000 ---p 00000000 00:00 0 
7f12e0e37000-7f12e1135000 rw-p 00000000 00:00 0 
7f12e1135000-7f12e1335000 rw-p 00000000 00:00 0 
7f12e1335000-7f12e1535000 rw-p 00000000 00:00 0 
7f12e1535000-7f12e1735000 rw-p 00000000 00:00 0 
7f12e1735000-7f12e1748000 r--s 00344000 08:06 4587884                    /home/hilary/android-studio/jre/jre/lib/resources.jar
7f12e1748000-7f12e1948000 rw-p 00000000 00:00 0 
7f12e1948000-7f12e1b48000 rw-p 00000000 00:00 0 
7f12e1b48000-7f12e1d48000 rw-p 00000000 00:00 0 
7f12e1d48000-7f12e1f48000 rw-p 00000000 00:00 0 
7f12e1f48000-7f12e1f4b000 ---p 00000000 00:00 0 
7f12e1f4b000-7f12e2249000 rw-p 00000000 00:00 0 
7f12e2249000-7f12e224a000 r--s 00001000 08:06 6296782                    /home/hilary/.gradle/caches/jars-2/cmhx5eetujk7j30d3nllwxyrlnugzjw/annotations-25.3.3.jar
7f12e224a000-7f12e2252000 r--s 000a8000 08:06 139532                     /home/hilary/.gradle/caches/jars-2/lp0h431tl0554nh1vx6zomcvteflkp/lombok-ast-0.2.3.jar
7f12e2252000-7f12e2266000 r--s 000b4000 08:06 18617329                   /home/hilary/.gradle/caches/jars-2/hgvw6szzawm3evod5l2d6iutfug31w0/uast-162.2228.14.jar
7f12e2266000-7f12e2268000 r--s 0000d000 08:06 19935365                   /home/hilary/.gradle/caches/jars-2/7pwz1bowgakb1eux9ezb56jlturgsyi/commons-codec-1.4.jar
7f12e2268000-7f12e226a000 r--s 0000d000 08:06 19935363                   /home/hilary/.gradle/caches/jars-2/9dj1m0eyooi5qt13735vz8fpkl3cnfy/commons-logging-1.1.1.jar
7f12e226a000-7f12e226f000 r--s 00028000 08:06 19935361                   /home/hilary/.gradle/caches/jars-2/62lv0fe9b3xbqe57f6ljy5upwi7mf6k/httpcore-4.1.jar
7f12e226f000-7f12e2273000 r--s 0002f000 08:06 19935359                   /home/hilary/.gradle/caches/jars-2/gsg5n52frsvw6sx0swqqe2hwijwdcf0/jimfs-1.1.jar
7f12e2273000-7f12e2274000 r--s 00004000 08:06 19935357                   /home/hilary/.gradle/caches/jars-2/lxs252id0979odjrerlctkb26c2vj95/annotations-12.0.jar
7f12e2274000-7f12e2275000 r--s 00004000 08:06 19935355                   /home/hilary/.gradle/caches/jars-2/9kn99dr0rulyl67sct1ephwcop56l61/asm-analysis-5.0.4.jar
7f12e2275000-7f12e2279000 r--s 00040000 08:06 6296780                    /home/hilary/.gradle/caches/jars-2/ccvn7yglm4blceovs70fngoac1eyn4f/lint-api-25.3.3.jar
7f12e2279000-7f12e227a000 r--s 0000a000 08:06 19935351                   /home/hilary/.gradle/caches/jars-2/nwyg9io65lv6jvmwit2wq82xnnxd7ia/kxml2-2.3.0.jar
7f12e227a000-7f12e227c000 r--s 00005000 08:06 19935349                   /home/hilary/.gradle/caches/jars-2/i6hc1uuj8e9ck59slmzdyz78ydn8sr6/httpmime-4.1.jar
7f12e227c000-7f12e2284000 r--s 0004e000 08:06 19935347                   /home/hilary/.gradle/caches/jars-2/7503wa5irssz0xxahv1xb82p2dl7rr2/httpclient-4.1.1.jar
7f12e2284000-7f12e228b000 r--s 00053000 08:06 19935345                   /home/hilary/.gradle/caches/jars-2/jgkfvs4eqggj7qsyw1f5d3up57hanj1/commons-compress-1.8.1.jar
7f12e228b000-7f12e2290000 r--s 0002a000 08:06 19935343                   /home/hilary/.gradle/caches/jars-2/je8f027qcr1z1egw08byp1ybxbp9kko/gson-2.2.4.jar
7f12e2290000-7f12e2295000 r--s 0002e000 08:06 6296778                    /home/hilary/.gradle/caches/jars-2/s427p2wh0tfza0xa8qijgx107eeevyl/repository-25.3.3.jar
7f12e2295000-7f12e2297000 r--s 00006000 08:06 6296776                    /home/hilary/.gradle/caches/jars-2/e2s952s6co8tps89l80r4riixwqo2oe/dvlib-25.3.3.jar
7f12e2297000-7f12e2299000 r--s 00013000 08:06 6296774                    /home/hilary/.gradle/caches/jars-2/s02k517nvrh8cbp2c8dz4slqska6dj9/layoutlib-api-25.3.3.jar
7f12e2299000-7f12e229e000 r--s 00058000 08:06 19808496                   /home/hilary/.gradle/caches/jars-2/st159835qgxm0l87oqrnhayxos4lc1n/asm-debug-all-5.0.1.jar
7f12e229e000-7f12e22ae000 r--s 000d5000 08:06 19808494                   /home/hilary/.gradle/caches/jars-2/qzf32gp9kej4w4hlbabft6tplu74cj3/proguard-base-5.3.2.jar
7f12e22ae000-7f12e22b1000 r--s 00033000 08:06 19808492                   /home/hilary/.gradle/caches/jars-2/nz9sndmr8b4xbj4xulkaciy5kdbyfiz/juniversalchardet-1.0.3.jar
7f12e22b1000-7f12e22b5000 r--s 0002a000 08:06 19808490                   /home/hilary/.gradle/caches/jars-2/krbpn9xjn1qymukyx8cc5l799ty1v3h/commons-io-2.4.jar
7f12e22b5000-7f12e22cc000 r--s 00154000 08:06 19808488                   /home/hilary/.gradle/caches/jars-2/sfeivjswzitn6n0fnjx3ueszz8gv8o1/antlr4-4.5.3.jar
7f12e22cc000-7f12e22ce000 r--s 00002000 08:06 6296772                    /home/hilary/.gradle/caches/jars-2/rh2ip1x2zziz26tr3qzudtz088pqsb2/baseLibrary-2.3.3.jar
7f12e22ce000-7f12e22f9000 r--s 001fc000 08:06 19808484                   /home/hilary/.gradle/caches/jars-2/nxjrjftly2xksl8o0wqgivu5netfu2x/guava-18.0.jar
7f12e22f9000-7f12e230c000 r--s 00241000 08:06 19808482                   /home/hilary/.gradle/caches/jars-2/9yuekvg4qerfitq3xec0iyckuw3hwaq/ecj-4.6.1.jar
7f12e230c000-7f12e2313000 r--s 000d9000 08:06 6296770                    /home/hilary/.gradle/caches/jars-2/ak89aa8liqmr44u7r08njntn6oehe0z/lint-checks-25.3.3.jar
7f12e2313000-7f12e2315000 r--s 00006000 08:06 19808478                   /home/hilary/.gradle/caches/jars-2/6phgj9ki3jl3p5epzkqoo8pr6kur40b/asm-tree-5.0.4.jar
7f12e2315000-7f12e2348000 r--s 00203000 08:06 19808476                   /home/hilary/.gradle/caches/jars-2/hj0bfvxu9cq7hkwmecvp0kg137or3hh/bcprov-jdk15on-1.48.jar
7f12e2348000-7f12e2356000 r--s 00081000 08:06 19141038                   /home/hilary/.gradle/caches/jars-2/4r7xli0tz94y0wfjrdyjxlxar3g1pb9/bcpkix-jdk15on-1.48.jar
7f12e2356000-7f12e2358000 r--s 00002000 08:06 19141036                   /home/hilary/.gradle/caches/jars-2/f32bh5uivuf69ecz2j8hl96ksnqdh7v/javawriter-2.5.0.jar
7f12e2358000-7f12e235a000 r--s 00004000 08:06 6296738                    /home/hilary/.gradle/caches/jars-2/j6s1upogkwo00sygdsekzj4fx0i75uy/tracker-25.3.3.jar
7f12e235a000-7f12e235b000 r--s 00005000 08:06 6296736                    /home/hilary/.gradle/caches/jars-2/4svya0t1s9wyo35ycd3atidsaoo6w7e/shared-25.3.3.jar
7f12e235b000-7f12e2369000 r--s 00147000 08:06 6296734                    /home/hilary/.gradle/caches/jars-2/qx6695c5ocd9swxv7wqtxor3plyb4b7/protos-25.3.3.jar
7f12e2369000-7f12e236a000 r--s 00001000 08:06 18617253                   /home/hilary/.gradle/caches/jars-2/bqo69msswbvaagsh45hf1tq02v21sml/jill-api-0.10.0.jar
7f12e236a000-7f12e236c000 r--s 00003000 08:06 18617249                   /home/hilary/.gradle/caches/jars-2/7pldadygbci34ql8thws797g29k1uhh/jack-api-0.13.0.jar
7f12e236c000-7f12e2372000 r--s 0004a000 08:06 6296732                    /home/hilary/.gradle/caches/jars-2/euoqfzf5y1sibp9ul8mcz0wovj380eo/ddmlib-25.3.3.jar
7f12e2372000-7f12e2375000 r--s 00022000 08:06 6296730                    /home/hilary/.gradle/caches/jars-2/a81bg2yxzmumashablwecaj0ksz6tmj/manifest-merger-25.3.3.jar
7f12e2375000-7f12e2378000 r--s 0001c000 08:06 6296728                    /home/hilary/.gradle/caches/jars-2/l6cnyee1vojrkkbpp6qwgpf30shmrja/common-25.3.3.jar
7f12e2378000-7f12e2381000 r--s 00089000 08:06 6296726                    /home/hilary/.gradle/caches/jars-2/m0t6h8af70sdgxvkj522jy01i14mnb8/sdk-common-25.3.3.jar
7f12e2381000-7f12e238b000 r--s 00098000 08:06 6296724                    /home/hilary/.gradle/caches/jars-2/28c9ykhc782k8jmlrnbnccai34hziki/sdklib-25.3.3.jar
7f12e238b000-7f12e238c000 r--s 00002000 08:06 6296722                    /home/hilary/.gradle/caches/jars-2/4dod7a1p5hoai4v37pxbcg65bbahvg2/builder-test-api-2.3.3.jar
7f12e238c000-7f12e238f000 r--s 00006000 08:06 6296720                    /home/hilary/.gradle/caches/jars-2/omk02asobup8sgd6qxom3ej5bg94z2r/builder-model-2.3.3.jar
7f12e238f000-7f12e239e000 r--s 00130000 08:06 19141010                   /home/hilary/.gradle/caches/jars-2/cr6zkqpx14lor9zdtmo49qpc7y8r8p4/protobuf-java-3.0.0.jar
7f12e239e000-7f12e23a0000 r--s 0000f000 08:06 19141008                   /home/hilary/.gradle/caches/jars-2/rvfyugrlu5tbpz51p98og0qsxamjq4k/jopt-simple-4.9.jar
7f12e23a0000-7f12e23a4000 r--s 0001f000 08:06 19141006                   /home/hilary/.gradle/caches/jars-2/nq3fzqkrrm37ob61z4iu5qdbh368uat/org.jacoco.report-0.7.5.201505241946.jar
7f12e23a4000-7f12e23a8000 r--s 0001d000 08:06 19141004                   /home/hilary/.gradle/caches/jars-2/3kxkmcckmk40ron92zhbm0qjo9l4bkl/org.jacoco.core-0.7.5.201505241946.jar
7f12e23a8000-7f12e23aa000 r--s 00002000 08:06 19141002                   /home/hilary/.gradle/caches/jars-2/m4m0pzb4gmaeh0in5g2xc4bxeuwt828/proguard-gradle-5.3.2.jar
7f12e23aa000-7f12e23ac000 r--s 00009000 08:06 19141000                   /home/hilary/.gradle/caches/jars-2/ajvcvdu66lc9e3tvvipxtuq48i9bbkc/asm-commons-5.0.4.jar
7f12e23ac000-7f12e23ae000 r--s 0000c000 08:06 19140998                   /home/hilary/.gradle/caches/jars-2/1laz1ygmxoc408r7nwqs1q8uk8r236d/asm-5.0.4.jar
7f12e23ae000-7f12e23b3000 r--s 0002c000 08:06 6296718                    /home/hilary/.gradle/caches/jars-2/3mlasgi8oo9o7oa12526198jui9zmp2/compilerCommon-2.3.3.jar
7f12e23b3000-7f12e23b4000 r--s 00002000 08:06 6296711                    /home/hilary/.gradle/caches/jars-2/73l309uzm0ila7rdaaxteq0ng4ayf2y/gradle-api-2.3.3.jar
7f12e23b4000-7f12e23b9000 r--s 0005e000 08:06 6296667                    /home/hilary/.gradle/caches/jars-2/k2xtosjt0in0zj7mpwvctw6iznt93uh/lint-25.3.3.jar
7f12e23b9000-7f12e23cf000 r--s 00163000 08:06 6296665                    /home/hilary/.gradle/caches/jars-2/nyg71b5n2lzymmwh5vbtmvjiby07k4g/builder-2.3.3.jar
7f12e23cf000-7f12e23ee000 r--s 001ca000 08:06 6296663                    /home/hilary/.gradle/caches/jars-2/5fwyvjq1ai8mdh1mluqxidj1wo7rls8/gradle-core-2.3.3.jar
7f12e23ee000-7f12e25ee000 rw-p 00000000 00:00 0 
7f12e25ee000-7f12e27ee000 rw-p 00000000 00:00 0 
7f12e27ee000-7f12e27f1000 ---p 00000000 00:00 0 
7f12e27f1000-7f12e2aef000 rw-p 00000000 00:00 0 
7f12e2aef000-7f12e2cef000 rw-p 00000000 00:00 0 
7f12e2cef000-7f12e2eef000 rw-p 00000000 00:00 0 
7f12e2eef000-7f12e30ef000 rw-p 00000000 00:00 0 
7f12e30ef000-7f12e32ef000 rw-p 00000000 00:00 0 
7f12e32ef000-7f12e32f2000 ---p 00000000 00:00 0 
7f12e32f2000-7f12e33f0000 rw-p 00000000 00:00 0 
7f12e33f0000-7f12e33f3000 ---p 00000000 00:00 0 
7f12e33f3000-7f12e34f1000 rw-p 00000000 00:00 0 
7f12e34f1000-7f12e34f4000 ---p 00000000 00:00 0 
7f12e34f4000-7f12e35f2000 rw-p 00000000 00:00 0 
7f12e35f2000-7f12e35f5000 ---p 00000000 00:00 0 
7f12e35f5000-7f12e36f3000 rw-p 00000000 00:00 0 
7f12e36f3000-7f12e36f6000 ---p 00000000 00:00 0 
7f12e36f6000-7f12e39f4000 rw-p 00000000 00:00 0 
7f12e39f4000-7f12e39f7000 ---p 00000000 00:00 0 
7f12e39f7000-7f12e3af5000 rw-p 00000000 00:00 0 
7f12e3af5000-7f12e3af8000 ---p 00000000 00:00 0 
7f12e3af8000-7f12e3df6000 rw-p 00000000 00:00 0 
7f12e3df6000-7f12e3dff000 r-xp 00000000 08:06 4587874                    /home/hilary/android-studio/jre/jre/lib/amd64/libmanagement.so
7f12e3dff000-7f12e3ffe000 ---p 00009000 08:06 4587874                    /home/hilary/android-studio/jre/jre/lib/amd64/libmanagement.so
7f12e3ffe000-7f12e3fff000 r--p 00008000 08:06 4587874                    /home/hilary/android-studio/jre/jre/lib/amd64/libmanagement.so
7f12e3fff000-7f12e4000000 rw-p 00009000 08:06 4587874                    /home/hilary/android-studio/jre/jre/lib/amd64/libmanagement.so
7f12e4000000-7f12e4021000 rw-p 00000000 00:00 0 
7f12e4021000-7f12e8000000 ---p 00000000 00:00 0 
7f12e8000000-7f12e8021000 rw-p 00000000 00:00 0 
7f12e8021000-7f12ec000000 ---p 00000000 00:00 0 
7f12ec000000-7f12ee18a000 rw-p 00000000 00:00 0 
7f12ee18a000-7f12f0000000 ---p 00000000 00:00 0 
7f12f0000000-7f12f1122000 rw-p 00000000 00:00 0 
7f12f1122000-7f12f4000000 ---p 00000000 00:00 0 
7f12f4000000-7f12f4021000 rw-p 00000000 00:00 0 
7f12f4021000-7f12f8000000 ---p 00000000 00:00 0 
7f12f8000000-7f12fa4d3000 rw-p 00000000 00:00 0 
7f12fa4d3000-7f12fc000000 ---p 00000000 00:00 0 
7f12fc000000-7f12fc021000 rw-p 00000000 00:00 0 
7f12fc021000-7f1300000000 ---p 00000000 00:00 0 
7f1300000000-7f1300021000 rw-p 00000000 00:00 0 
7f1300021000-7f1304000000 ---p 00000000 00:00 0 
7f1304000000-7f1304344000 rw-p 00000000 00:00 0 
7f1304344000-7f1308000000 ---p 00000000 00:00 0 
7f1308000000-7f1308044000 rw-p 00000000 00:00 0 
7f1308044000-7f130c000000 ---p 00000000 00:00 0 
7f130c000000-7f130c329000 rw-p 00000000 00:00 0 
7f130c329000-7f1310000000 ---p 00000000 00:00 0 
7f1310000000-7f131031d000 rw-p 00000000 00:00 0 
7f131031d000-7f1314000000 ---p 00000000 00:00 0 
7f1314000000-7f131411c000 rw-p 00000000 00:00 0 
7f131411c000-7f1318000000 ---p 00000000 00:00 0 
7f1318000000-7f1318001000 r--s 00000000 08:06 18617226                   /home/hilary/.gradle/caches/jars-2/tlyajppf8woug00g686fx5mchf8iv3o/transform-api-2.0.0-deprecated-use-gradle-api.jar
7f1318001000-7f131800b000 r--s 000ae000 08:06 13776730                   /home/hilary/.gradle/caches/modules-2/files-2.1/org.javassist/javassist/3.20.0-GA/a9cbcdfb7e9f86fbc74d3afae65f2248bfbf82a0/javassist-3.20.0-GA.jar
7f131800b000-7f131800c000 r--s 00000000 08:06 13774280                   /home/hilary/.gradle/caches/modules-2/files-2.1/io.realm/realm-annotations/3.5.0/1e4b144dd28b139ae890ce2868979b12e1f2d7c7/realm-annotations-3.5.0.jar
7f131800c000-7f131800d000 r--s 00004000 08:06 13776728                   /home/hilary/.gradle/caches/modules-2/files-2.1/com.neenbedankt.gradle.plugins/android-apt/1.8/d3c508f0ea2b2bb93c2816a83351090dd662eaac/android-apt-1.8.jar
7f131800d000-7f131800f000 r--s 00011000 08:06 13774279                   /home/hilary/.gradle/caches/modules-2/files-2.1/io.realm/realm-transformer/3.5.0/c6518a91c1d1eb6928ce18d6026b4709d1b9b67c/realm-transformer-3.5.0.jar
7f131800f000-7f1318010000 r--s 00001000 08:06 13770396                   /home/hilary/.gradle/caches/modules-2/files-2.1/io.realm/realm-gradle-plugin/3.5.0/15be95ba6abc1d14104ee03a2e0feb9cbd0af676/realm-gradle-plugin-3.5.0.jar
7f1318010000-7f1318012000 r--s 00007000 08:06 13782997                   /home/hilary/.gradle/caches/modules-2/files-2.1/com.google.gms/google-services/3.1.0/166ae4e6acd03b7bbebe221ffa54bc039fece1b9/google-services-3.1.0.jar
7f1318012000-7f1318014000 r--s 0000d000 08:06 6296661                    /home/hilary/.gradle/caches/jars-2/mel54vauze7hczg2p6nebauqz8s53sj/gradle-2.3.3.jar
7f1318014000-7f1318017000 ---p 00000000 00:00 0 
7f1318017000-7f131804d000 rw-p 00000000 00:00 0 
7f131804d000-7f131804e000 r--p 00000000 00:00 0 
7f131804e000-7f13180c7000 r--s 010ed000 08:06 4587788                    /home/hilary/android-studio/jre/lib/tools.jar
7f13180c7000-7f13180ce000 r--s 00000000 08:06 12858329                   /usr/lib/x86_64-linux-gnu/gconv/gconv-modules.cache
7f13180ce000-7f13180d1000 ---p 00000000 00:00 0 
7f13180d1000-7f13181cf000 rw-p 00000000 00:00 0 
7f13181cf000-7f13181d4000 r--s 00098000 08:06 4587835                    /home/hilary/android-studio/jre/jre/lib/jsse.jar
7f13181d4000-7f13181d6000 r--s 00007000 08:06 19140920                   /home/hilary/.gradle/wrapper/dists/gradle-3.3-all/55gk2rcmfc6p2dg9u9ohc3hw9/gradle-3.3/lib/plugins/gradle-tooling-api-builders-3.3.jar
7f13181d6000-7f13181d9000 r--s 00009000 08:06 19140913                   /home/hilary/.gradle/wrapper/dists/gradle-3.3-all/55gk2rcmfc6p2dg9u9ohc3hw9/gradle-3.3/lib/plugins/gradle-testing-native-3.3.jar
7f13181d9000-7f13181df000 r--s 00033000 08:06 19140988                   /home/hilary/.gradle/wrapper/dists/gradle-3.3-all/55gk2rcmfc6p2dg9u9ohc3hw9/gradle-3.3/lib/plugins/snakeyaml-1.6.jar
7f13181df000-7f13181e1000 r--s 00006000 08:06 19140987                   /home/hilary/.gradle/wrapper/dists/gradle-3.3-all/55gk2rcmfc6p2dg9u9ohc3hw9/gradle-3.3/lib/plugins/jcommander-1.12.jar
7f13181e1000-7f13181e6000 r--s 00040000 08:06 19140986                   /home/hilary/.gradle/wrapper/dists/gradle-3.3-all/55gk2rcmfc6p2dg9u9ohc3hw9/gradle-3.3/lib/plugins/bsh-2.0b4.jar
7f13181e6000-7f13181e8000 r--s 00009000 08:06 19140994                   /home/hilary/.gradle/wrapper/dists/gradle-3.3-all/55gk2rcmfc6p2dg9u9ohc3hw9/gradle-3.3/lib/plugins/hamcrest-core-1.3.jar
7f13181e8000-7f13181f1000 r--s 00089000 08:06 19140945                   /home/hilary/.gradle/wrapper/dists/gradle-3.3-all/55gk2rcmfc6p2dg9u9ohc3hw9/gradle-3.3/lib/plugins/testng-6.3.1.jar
7f13181f1000-7f13181f9000 r--s 00045000 08:06 19140944                   /home/hilary/.gradle/wrapper/dists/gradle-3.3-all/55gk2rcmfc6p2dg9u9ohc3hw9/gradle-3.3/lib/plugins/junit-4.12.jar
7f13181f9000-7f13181ff000 r--s 0002e000 08:06 19140914                   /home/hilary/.gradle/wrapper/dists/gradle-3.3-all/55gk2rcmfc6p2dg9u9ohc3hw9/gradle-3.3/lib/plugins/gradle-testing-jvm-3.3.jar
7f13181ff000-7f1318203000 r--s 00016000 08:06 19140912                   /home/hilary/.gradle/wrapper/dists/gradle-3.3-all/55gk2rcmfc6p2dg9u9ohc3hw9/gradle-3.3/lib/plugins/gradle-testing-base-3.3.jar
7f1318203000-7f131820a000 r--s 00038000 08:06 19140939                   /home/hilary/.gradle/wrapper/dists/gradle-3.3-all/55gk2rcmfc6p2dg9u9ohc3hw9/gradle-3.3/lib/plugins/bcpg-jdk15on-1.51.jar
7f131820a000-7f131820c000 r--s 0000c000 08:06 19140891                   /home/hilary/.gradle/wrapper/dists/gradle-3.3-all/55gk2rcmfc6p2dg9u9ohc3hw9/gradle-3.3/lib/plugins/gradle-signing-3.3.jar
7f131820c000-7f131820e000 r--s 00007000 08:06 19140890                   /home/hilary/.gradle/wrapper/dists/gradle-3.3-all/55gk2rcmfc6p2dg9u9ohc3hw9/gradle-3.3/lib/plugins/gradle-scala-3.3.jar
7f131820e000-7f131820f000 r--s 00004000 08:06 19140918                   /home/hilary/.gradle/wrapper/dists/gradle-3.3-all/55gk2rcmfc6p2dg9u9ohc3hw9/gradle-3.3/lib/plugins/gradle-resources-sftp-3.3.jar
7f131820f000-7f131821f000 r--s 00088000 08:06 19140955                   /home/hilary/.gradle/wrapper/dists/gradle-3.3-all/55gk2rcmfc6p2dg9u9ohc3hw9/gradle-3.3/lib/plugins/joda-time-2.8.2.jar
7f131821f000-7f1318230000 r--s 0010d000 08:06 19140954                   /home/hilary/.gradle/wrapper/dists/gradle-3.3-all/55gk2rcmfc6p2dg9u9ohc3hw9/gradle-3.3/lib/plugins/jackson-databind-2.6.6.jar
7f1318230000-7f1318233000 r--s 00009000 08:06 19140953                   /home/hilary/.gradle/wrapper/dists/gradle-3.3-all/55gk2rcmfc6p2dg9u9ohc3hw9/gradle-3.3/lib/plugins/jackson-annotations-2.6.6.jar
7f1318233000-7f1318237000 r--s 0003c000 08:06 19140952                   /home/hilary/.gradle/wrapper/dists/gradle-3.3-all/55gk2rcmfc6p2dg9u9ohc3hw9/gradle-3.3/lib/plugins/jackson-core-2.6.6.jar
7f1318237000-7f1318245000 r--s 00087000 08:06 19140951                   /home/hilary/.gradle/wrapper/dists/gradle-3.3-all/55gk2rcmfc6p2dg9u9ohc3hw9/gradle-3.3/lib/plugins/aws-java-sdk-core-1.11.6.jar
7f1318245000-7f131824c000 r--s 00057000 08:06 19140950                   /home/hilary/.gradle/wrapper/dists/gradle-3.3-all/55gk2rcmfc6p2dg9u9ohc3hw9/gradle-3.3/lib/plugins/aws-java-sdk-kms-1.11.6.jar
7f131824c000-7f1318259000 r--s 0008e000 08:06 19140949                   /home/hilary/.gradle/wrapper/dists/gradle-3.3-all/55gk2rcmfc6p2dg9u9ohc3hw9/gradle-3.3/lib/plugins/aws-java-sdk-s3-1.11.6.jar
7f1318259000-7f131825b000 r--s 00004000 08:06 19140919                   /home/hilary/.gradle/wrapper/dists/gradle-3.3-all/55gk2rcmfc6p2dg9u9ohc3hw9/gradle-3.3/lib/plugins/gradle-resources-s3-3.3.jar
7f131825b000-7f131825d000 r--s 00005000 08:06 19140943                   /home/hilary/.gradle/wrapper/dists/gradle-3.3-all/55gk2rcmfc6p2dg9u9ohc3hw9/gradle-3.3/lib/plugins/jatl-0.2.2.jar
7f131825d000-7f131825f000 r--s 0000f000 08:06 19140896                   /home/hilary/.gradle/wrapper/dists/gradle-3.3-all/55gk2rcmfc6p2dg9u9ohc3hw9/gradle-3.3/lib/plugins/gradle-reporting-3.3.jar
7f131825f000-7f1318261000 r--s 00002000 08:06 19140897                   /home/hilary/.gradle/wrapper/dists/gradle-3.3-all/55gk2rcmfc6p2dg9u9ohc3hw9/gradle-3.3/lib/plugins/gradle-publish-3.3.jar
7f1318261000-7f1318263000 r--s 00009000 08:06 19140926                   /home/hilary/.gradle/wrapper/dists/gradle-3.3-all/55gk2rcmfc6p2dg9u9ohc3hw9/gradle-3.3/lib/plugins/commons-cli-1.2.jar
7f1318263000-7f1318269000 r--s 00031000 08:06 19140882                   /home/hilary/.gradle/wrapper/dists/gradle-3.3-all/55gk2rcmfc6p2dg9u9ohc3hw9/gradle-3.3/lib/plugins/gradle-plugins-3.3.jar
7f1318269000-7f131826b000 r--s 00009000 08:06 19140915                   /home/hilary/.gradle/wrapper/dists/gradle-3.3-all/55gk2rcmfc6p2dg9u9ohc3hw9/gradle-3.3/lib/plugins/gradle-plugin-development-3.3.jar
7f131826b000-7f1318271000 r--s 0002b000 08:06 19140908                   /home/hilary/.gradle/wrapper/dists/gradle-3.3-all/55gk2rcmfc6p2dg9u9ohc3hw9/gradle-3.3/lib/plugins/gradle-platform-play-3.3.jar
7f1318271000-7f131827f000 r--s 00055000 08:06 19140907                   /home/hilary/.gradle/wrapper/dists/gradle-3.3-all/55gk2rcmfc6p2dg9u9ohc3hw9/gradle-3.3/lib/plugins/gradle-platform-native-3.3.jar
7f131827f000-7f1318284000 r--s 0001f000 08:06 19140902                   /home/hilary/.gradle/wrapper/dists/gradle-3.3-all/55gk2rcmfc6p2dg9u9ohc3hw9/gradle-3.3/lib/plugins/gradle-platform-jvm-3.3.jar
7f1318284000-7f131828c000 r--s 00027000 08:06 19140901                   /home/hilary/.gradle/wrapper/dists/gradle-3.3-all/55gk2rcmfc6p2dg9u9ohc3hw9/gradle-3.3/lib/plugins/gradle-platform-base-3.3.jar
7f131828c000-7f13182b4000 r--s 0021c000 08:06 19140934                   /home/hilary/.gradle/wrapper/dists/gradle-3.3-all/55gk2rcmfc6p2dg9u9ohc3hw9/gradle-3.3/lib/plugins/biz.aQute.bndlib-3.2.0.jar
7f13182b4000-7f13182b6000 r--s 00003000 08:06 19140886                   /home/hilary/.gradle/wrapper/dists/gradle-3.3-all/55gk2rcmfc6p2dg9u9ohc3hw9/gradle-3.3/lib/plugins/gradle-osgi-3.3.jar
7f13182b6000-7f13182b9000 r--s 0000c000 08:06 19140937                   /home/hilary/.gradle/wrapper/dists/gradle-3.3-all/55gk2rcmfc6p2dg9u9ohc3hw9/gradle-3.3/lib/plugins/pmaven-groovy-0.8-20100325.jar
7f13182b9000-7f13182ba000 r--s 00004000 08:06 19140936                   /home/hilary/.gradle/wrapper/dists/gradle-3.3-all/55gk2rcmfc6p2dg9u9ohc3hw9/gradle-3.3/lib/plugins/pmaven-common-0.8-20100325.jar
7f13182ba000-7f13182c0000 r--s 00023000 08:06 19140887                   /home/hilary/.gradle/wrapper/dists/gradle-3.3-all/55gk2rcmfc6p2dg9u9ohc3hw9/gradle-3.3/lib/plugins/gradle-maven-3.3.jar
7f13182c0000-7f13182c3000 r--s 0000b000 08:06 19140906                   /home/hilary/.gradle/wrapper/dists/gradle-3.3-all/55gk2rcmfc6p2dg9u9ohc3hw9/gradle-3.3/lib/plugins/gradle-language-scala-3.3.jar
7f13182c3000-7f13182c9000 r--s 0001a000 08:06 19140910                   /home/hilary/.gradle/wrapper/dists/gradle-3.3-all/55gk2rcmfc6p2dg9u9ohc3hw9/gradle-3.3/lib/plugins/gradle-language-native-3.3.jar
7f13182c9000-7f13182cc000 r--s 00005000 08:06 19140903                   /home/hilary/.gradle/wrapper/dists/gradle-3.3-all/55gk2rcmfc6p2dg9u9ohc3hw9/gradle-3.3/lib/plugins/gradle-language-jvm-3.3.jar
7f13182cc000-7f13182d2000 r--s 00027000 08:06 19140904                   /home/hilary/.gradle/wrapper/dists/gradle-3.3-all/55gk2rcmfc6p2dg9u9ohc3hw9/gradle-3.3/lib/plugins/gradle-language-java-3.3.jar
7f13182d2000-7f13182d4000 r--s 0000a000 08:06 19140905                   /home/hilary/.gradle/wrapper/dists/gradle-3.3-all/55gk2rcmfc6p2dg9u9ohc3hw9/gradle-3.3/lib/plugins/gradle-language-groovy-3.3.jar
7f13182d4000-7f13182d7000 r--s 0001e000 08:06 19140961                   /home/hilary/.gradle/wrapper/dists/gradle-3.3-all/55gk2rcmfc6p2dg9u9ohc3hw9/gradle-3.3/lib/plugins/jsp-api-2.1-6.1.14.jar
7f13182d7000-7f13182fa000 r--s 00344000 08:06 19140960                   /home/hilary/.gradle/wrapper/dists/gradle-3.3-all/55gk2rcmfc6p2dg9u9ohc3hw9/gradle-3.3/lib/plugins/core-3.1.1.jar
7f13182fa000-7f13182fb000 r--s 00006000 08:06 19140959                   /home/hilary/.gradle/wrapper/dists/gradle-3.3-all/55gk2rcmfc6p2dg9u9ohc3hw9/gradle-3.3/lib/plugins/jetty-naming-6.1.26.jar
7f13182fb000-7f13182fc000 r--s 00002000 08:06 19140933                   /home/hilary/.gradle/wrapper/dists/gradle-3.3-all/55gk2rcmfc6p2dg9u9ohc3hw9/gradle-3.3/lib/plugins/geronimo-annotation_1.0_spec-1.0.jar
7f13182fc000-7f13182fe000 r--s 00002000 08:06 19140932                   /home/hilary/.gradle/wrapper/dists/gradle-3.3-all/55gk2rcmfc6p2dg9u9ohc3hw9/gradle-3.3/lib/plugins/jetty-annotations-6.1.26.jar
7f13182fe000-7f131830f000 r--s 000ea000 08:06 19140931                   /home/hilary/.gradle/wrapper/dists/gradle-3.3-all/55gk2rcmfc6p2dg9u9ohc3hw9/gradle-3.3/lib/plugins/jsp-2.1-6.1.14.jar
7f131830f000-7f1318311000 r--s 0000d000 08:06 19140930                   /home/hilary/.gradle/wrapper/dists/gradle-3.3-all/55gk2rcmfc6p2dg9u9ohc3hw9/gradle-3.3/lib/plugins/jetty-plus-6.1.26.jar
7f1318311000-7f1318313000 r--s 0001f000 08:06 19140929                   /home/hilary/.gradle/wrapper/dists/gradle-3.3-all/55gk2rcmfc6p2dg9u9ohc3hw9/gradle-3.3/lib/plugins/servlet-api-2.5-20081211.jar
7f1318313000-7f1318317000 r--s 00028000 08:06 19140928                   /home/hilary/.gradle/wrapper/dists/gradle-3.3-all/55gk2rcmfc6p2dg9u9ohc3hw9/gradle-3.3/lib/plugins/jetty-util-6.1.26.jar
7f1318317000-7f131831e000 r--s 0007d000 08:06 19140927                   /home/hilary/.gradle/wrapper/dists/gradle-3.3-all/55gk2rcmfc6p2dg9u9ohc3hw9/gradle-3.3/lib/plugins/jetty-6.1.26.jar
7f131831e000-7f1318320000 r--s 0000a000 08:06 19140884                   /home/hilary/.gradle/wrapper/dists/gradle-3.3-all/55gk2rcmfc6p2dg9u9ohc3hw9/gradle-3.3/lib/plugins/gradle-jetty-3.3.jar
7f1318320000-7f1318327000 r--s 00035000 08:06 19140942                   /home/hilary/.gradle/wrapper/dists/gradle-3.3-all/55gk2rcmfc6p2dg9u9ohc3hw9/gradle-3.3/lib/plugins/simple-4.1.21.jar
7f1318327000-7f1318333000 r--s 00100000 08:06 19140940                   /home/hilary/.gradle/wrapper/dists/gradle-3.3-all/55gk2rcmfc6p2dg9u9ohc3hw9/gradle-3.3/lib/plugins/rhino-1.7R3.jar
7f1318333000-7f1318337000 r--s 00012000 08:06 19140893                   /home/hilary/.gradle/wrapper/dists/gradle-3.3-all/55gk2rcmfc6p2dg9u9ohc3hw9/gradle-3.3/lib/plugins/gradle-javascript-3.3.jar
7f1318337000-7f1318339000 r--s 0000d000 08:06 19140899                   /home/hilary/.gradle/wrapper/dists/gradle-3.3-all/55gk2rcmfc6p2dg9u9ohc3hw9/gradle-3.3/lib/plugins/gradle-jacoco-3.3.jar
7f1318339000-7f131833c000 r--s 0000e000 08:06 19140898                   /home/hilary/.gradle/wrapper/dists/gradle-3.3-all/55gk2rcmfc6p2dg9u9ohc3hw9/gradle-3.3/lib/plugins/gradle-ivy-3.3.jar
7f131833c000-7f131833d000 r--s 00002000 08:06 19140909                   /home/hilary/.gradle/wrapper/dists/gradle-3.3-all/55gk2rcmfc6p2dg9u9ohc3hw9/gradle-3.3/lib/plugins/gradle-ide-play-3.3.jar
7f131833d000-7f1318340000 r--s 00013000 08:06 19140911                   /home/hilary/.gradle/wrapper/dists/gradle-3.3-all/55gk2rcmfc6p2dg9u9ohc3hw9/gradle-3.3/lib/plugins/gradle-ide-native-3.3.jar
7f1318340000-7f1318349000 r--s 00055000 08:06 19140888                   /home/hilary/.gradle/wrapper/dists/gradle-3.3-all/55gk2rcmfc6p2dg9u9ohc3hw9/gradle-3.3/lib/plugins/gradle-ide-3.3.jar
7f1318349000-7f131834b000 r--s 00007000 08:06 19140892                   /home/hilary/.gradle/wrapper/dists/gradle-3.3-all/55gk2rcmfc6p2dg9u9ohc3hw9/gradle-3.3/lib/plugins/gradle-ear-3.3.jar
7f131834b000-7f1318351000 r--s 00039000 08:06 19140895                   /home/hilary/.gradle/wrapper/dists/gradle-3.3-all/55gk2rcmfc6p2dg9u9ohc3hw9/gradle-3.3/lib/plugins/gradle-diagnostics-3.3.jar
7f1318351000-7f1318352000 r--s 00009000 08:06 19140921                   /home/hilary/.gradle/wrapper/dists/gradle-3.3-all/55gk2rcmfc6p2dg9u9ohc3hw9/gradle-3.3/lib/plugins/gradle-composite-builds-3.3.jar
7f1318352000-7f1318356000 r--s 00023000 08:06 19140883                   /home/hilary/.gradle/wrapper/dists/gradle-3.3-all/55gk2rcmfc6p2dg9u9ohc3hw9/gradle-3.3/lib/plugins/gradle-code-quality-3.3.jar
7f1318356000-7f131835a000 r--s 00022000 08:06 19140900                   /home/hilary/.gradle/wrapper/dists/gradle-3.3-all/55gk2rcmfc6p2dg9u9ohc3hw9/gradle-3.3/lib/plugins/gradle-build-init-3.3.jar
7f131835a000-7f1318360000 r--s 0008e000 08:06 19140894                   /home/hilary/.gradle/wrapper/dists/gradle-3.3-all/55gk2rcmfc6p2dg9u9ohc3hw9/gradle-3.3/lib/plugins/gradle-build-comparison-3.3.jar
7f1318360000-7f1318361000 r--s 00001000 08:06 19140922                   /home/hilary/.gradle/wrapper/dists/gradle-3.3-all/55gk2rcmfc6p2dg9u9ohc3hw9/gradle-3.3/lib/plugins/gradle-build-cache-http-3.3.jar
7f1318361000-7f1318363000 r--s 00008000 08:06 19140885                   /home/hilary/.gradle/wrapper/dists/gradle-3.3-all/55gk2rcmfc6p2dg9u9ohc3hw9/gradle-3.3/lib/plugins/gradle-antlr-3.3.jar
7f1318363000-7f1318365000 r--s 00004000 08:06 19140889                   /home/hilary/.gradle/wrapper/dists/gradle-3.3-all/55gk2rcmfc6p2dg9u9ohc3hw9/gradle-3.3/lib/plugins/gradle-announce-3.3.jar
7f1318365000-7f131837d000 r--s 00115000 08:06 19140991                   /home/hilary/.gradle/wrapper/dists/gradle-3.3-all/55gk2rcmfc6p2dg9u9ohc3hw9/gradle-3.3/lib/plugins/xercesImpl-2.9.1.jar
7f131837d000-7f1318385000 r--s 00028000 08:06 19140992                   /home/hilary/.gradle/wrapper/dists/gradle-3.3-all/55gk2rcmfc6p2dg9u9ohc3hw9/gradle-3.3/lib/plugins/xml-apis-1.3.04.jar
7f1318385000-7f131838b000 r--s 0005b000 08:06 19140990                   /home/hilary/.gradle/wrapper/dists/gradle-3.3-all/55gk2rcmfc6p2dg9u9ohc3hw9/gradle-3.3/lib/plugins/jcifs-1.3.17.jar
7f131838b000-7f1318391000 r--s 00033000 08:06 19140938                   /home/hilary/.gradle/wrapper/dists/gradle-3.3-all/55gk2rcmfc6p2dg9u9ohc3hw9/gradle-3.3/lib/plugins/commons-codec-1.6.jar
7f1318391000-7f1318398000 r--s 00049000 08:06 19140989                   /home/hilary/.gradle/wrapper/dists/gradle-3.3-all/55gk2rcmfc6p2dg9u9ohc3hw9/gradle-3.3/lib/plugins/httpcore-4.4.4.jar
7f1318398000-7f131839b000 r--s 0001c000 08:06 19140947                   /home/hilary/.gradle/wrapper/dists/gradle-3.3-all/55gk2rcmfc6p2dg9u9ohc3hw9/gradle-3.3/lib/plugins/nekohtml-1.9.14.jar
7f131839b000-7f13183a8000 r--s 000a4000 08:06 19140946                   /home/hilary/.gradle/wrapper/dists/gradle-3.3-all/55gk2rcmfc6p2dg9u9ohc3hw9/gradle-3.3/lib/plugins/httpclient-4.4.1.jar
7f13183a8000-7f13183ab000 r--s 0000a000 08:06 19140917                   /home/hilary/.gradle/wrapper/dists/gradle-3.3-all/55gk2rcmfc6p2dg9u9ohc3hw9/gradle-3.3/lib/plugins/gradle-resources-http-3.3.jar
7f13183ab000-7f13183af000 r--s 00015000 08:06 19140916                   /home/hilary/.gradle/wrapper/dists/gradle-3.3-all/55gk2rcmfc6p2dg9u9ohc3hw9/gradle-3.3/lib/plugins/gradle-plugin-use-3.3.jar
7f13183af000-7f13183b0000 r--s 00000000 08:06 19007443                   /home/hilary/.gradle/wrapper/dists/gradle-3.3-all/55gk2rcmfc6p2dg9u9ohc3hw9/gradle-3.3/lib/gradle-installation-beacon-3.3.jar
7f13183b0000-7f13183b2000 r--s 00006000 08:06 19140985                   /home/hilary/.gradle/wrapper/dists/gradle-3.3-all/55gk2rcmfc6p2dg9u9ohc3hw9/gradle-3.3/lib/plugins/aether-connector-wagon-1.13.1.jar
7f13183b2000-7f13183b6000 r--s 0001c000 08:06 19140984                   /home/hilary/.gradle/wrapper/dists/gradle-3.3-all/55gk2rcmfc6p2dg9u9ohc3hw9/gradle-3.3/lib/plugins/aether-util-1.13.1.jar
7f13183b6000-7f13183b7000 r--s 00003000 08:06 19140983                   /home/hilary/.gradle/wrapper/dists/gradle-3.3-all/55gk2rcmfc6p2dg9u9ohc3hw9/gradle-3.3/lib/plugins/aether-spi-1.13.1.jar
7f13183b7000-7f13183ba000 r--s 0001d000 08:06 19140982                   /home/hilary/.gradle/wrapper/dists/gradle-3.3-all/55gk2rcmfc6p2dg9u9ohc3hw9/gradle-3.3/lib/plugins/aether-impl-1.13.1.jar
7f13183ba000-7f13183bd000 r--s 00013000 08:06 19140981                   /home/hilary/.gradle/wrapper/dists/gradle-3.3-all/55gk2rcmfc6p2dg9u9ohc3hw9/gradle-3.3/lib/plugins/aether-api-1.13.1.jar
7f13183bd000-7f13183be000 r--s 00007000 08:06 19140980                   /home/hilary/.gradle/wrapper/dists/gradle-3.3-all/55gk2rcmfc6p2dg9u9ohc3hw9/gradle-3.3/lib/plugins/wagon-http-shared4-2.4.jar
7f13183be000-7f13183c0000 r--s 0000b000 08:06 19140979                   /home/hilary/.gradle/wrapper/dists/gradle-3.3-all/55gk2rcmfc6p2dg9u9ohc3hw9/gradle-3.3/lib/plugins/wagon-provider-api-2.4.jar
7f13183c0000-7f13183c1000 r--s 00002000 08:06 19140978                   /home/hilary/.gradle/wrapper/dists/gradle-3.3-all/55gk2rcmfc6p2dg9u9ohc3hw9/gradle-3.3/lib/plugins/wagon-http-2.4.jar
7f13183c1000-7f13183c2000 r--s 00002000 08:06 19140977                   /home/hilary/.gradle/wrapper/dists/gradle-3.3-all/55gk2rcmfc6p2dg9u9ohc3hw9/gradle-3.3/lib/plugins/wagon-file-2.4.jar
7f13183c2000-7f13183c4000 r--s 0000c000 08:06 19140976                   /home/hilary/.gradle/wrapper/dists/gradle-3.3-all/55gk2rcmfc6p2dg9u9ohc3hw9/gradle-3.3/lib/plugins/maven-aether-provider-3.0.4.jar
7f13183c4000-7f13183c6000 r--s 0000b000 08:06 19140975                   /home/hilary/.gradle/wrapper/dists/gradle-3.3-all/55gk2rcmfc6p2dg9u9ohc3hw9/gradle-3.3/lib/plugins/maven-plugin-api-3.0.4.jar
7f13183c6000-7f13183c8000 r--s 00006000 08:06 19140974                   /home/hilary/.gradle/wrapper/dists/gradle-3.3-all/55gk2rcmfc6p2dg9u9ohc3hw9/gradle-3.3/lib/plugins/maven-repository-metadata-3.0.4.jar
7f13183c8000-7f13183ca000 r--s 0000b000 08:06 19140973                   /home/hilary/.gradle/wrapper/dists/gradle-3.3-all/55gk2rcmfc6p2dg9u9ohc3hw9/gradle-3.3/lib/plugins/maven-artifact-3.0.4.jar
7f13183ca000-7f13183cc000 r--s 00026000 08:06 19140972                   /home/hilary/.gradle/wrapper/dists/gradle-3.3-all/55gk2rcmfc6p2dg9u9ohc3hw9/gradle-3.3/lib/plugins/maven-model-3.0.4.jar
7f13183cc000-7f13183d0000 r--s 00021000 08:06 19140971                   /home/hilary/.gradle/wrapper/dists/gradle-3.3-all/55gk2rcmfc6p2dg9u9ohc3hw9/gradle-3.3/lib/plugins/maven-model-builder-3.0.4.jar
7f13183d0000-7f13183d6000 r--s 0003f000 08:06 19140970                   /home/hilary/.gradle/wrapper/dists/gradle-3.3-all/55gk2rcmfc6p2dg9u9ohc3hw9/gradle-3.3/lib/plugins/maven-compat-3.0.4.jar
7f13183d6000-7f13183d7000 r--s 00006000 08:06 19140969                   /home/hilary/.gradle/wrapper/dists/gradle-3.3-all/55gk2rcmfc6p2dg9u9ohc3hw9/gradle-3.3/lib/plugins/plexus-sec-dispatcher-1.3.jar
7f13183d7000-7f13183d9000 r--s 00002000 08:06 19140968                   /home/hilary/.gradle/wrapper/dists/gradle-3.3-all/55gk2rcmfc6p2dg9u9ohc3hw9/gradle-3.3/lib/plugins/plexus-cipher-1.7.jar
7f13183d9000-7f13183db000 r--s 0000a000 08:06 19140967                   /home/hilary/.gradle/wrapper/dists/gradle-3.3-all/55gk2rcmfc6p2dg9u9ohc3hw9/gradle-3.3/lib/plugins/plexus-classworlds-2.4.jar
7f13183db000-7f13183e2000 r--s 0002e000 08:06 19140966                   /home/hilary/.gradle/wrapper/dists/gradle-3.3-all/55gk2rcmfc6p2dg9u9ohc3hw9/gradle-3.3/lib/plugins/plexus-container-default-1.5.5.jar
7f13183e2000-7f13183e4000 r--s 00000000 08:06 19140993                   /home/hilary/.gradle/wrapper/dists/gradle-3.3-all/55gk2rcmfc6p2dg9u9ohc3hw9/gradle-3.3/lib/plugins/plexus-component-annotations-1.5.5.jar
7f13183e4000-7f13183e6000 r--s 0000d000 08:06 19140965                   /home/hilary/.gradle/wrapper/dists/gradle-3.3-all/55gk2rcmfc6p2dg9u9ohc3hw9/gradle-3.3/lib/plugins/plexus-interpolation-1.14.jar
7f13183e6000-7f13183ea000 r--s 00033000 08:06 19140964                   /home/hilary/.gradle/wrapper/dists/gradle-3.3-all/55gk2rcmfc6p2dg9u9ohc3hw9/gradle-3.3/lib/plugins/plexus-utils-2.0.6.jar
7f13183ea000-7f13183ed000 r--s 00008000 08:06 19140963                   /home/hilary/.gradle/wrapper/dists/gradle-3.3-all/55gk2rcmfc6p2dg9u9ohc3hw9/gradle-3.3/lib/plugins/maven-settings-builder-3.0.4.jar
7f13183ed000-7f13183f2000 r--s 00040000 08:06 19140948                   /home/hilary/.gradle/wrapper/dists/gradle-3.3-all/55gk2rcmfc6p2dg9u9ohc3hw9/gradle-3.3/lib/plugins/jsch-0.1.53.jar
7f13183f2000-7f1318432000 r--s 00277000 08:06 19140958                   /home/hilary/.gradle/wrapper/dists/gradle-3.3-all/55gk2rcmfc6p2dg9u9ohc3hw9/gradle-3.3/lib/plugins/bcprov-jdk15on-1.51.jar
7f1318432000-7f131843e000 r--s 0007d000 08:06 19140935                   /home/hilary/.gradle/wrapper/dists/gradle-3.3-all/55gk2rcmfc6p2dg9u9ohc3hw9/gradle-3.3/lib/plugins/maven-core-3.0.4.jar
7f131843e000-7f131845d000 r--s 000f6000 08:06 19140924                   /home/hilary/.gradle/wrapper/dists/gradle-3.3-all/55gk2rcmfc6p2dg9u9ohc3hw9/gradle-3.3/lib/plugins/gradle-dependency-management-3.3.jar
7f131845d000-7f1318473000 r-xp 00000000 08:06 2494927                    /lib/x86_64-linux-gnu/libgcc_s.so.1
7f1318473000-7f1318672000 ---p 00016000 08:06 2494927                    /lib/x86_64-linux-gnu/libgcc_s.so.1
7f1318672000-7f1318673000 rw-p 00015000 08:06 2494927                    /lib/x86_64-linux-gnu/libgcc_s.so.1
7f1318673000-7f13187e5000 r-xp 00000000 08:06 12592025                   /usr/lib/x86_64-linux-gnu/libstdc++.so.6.0.21
7f13187e5000-7f13189e5000 ---p 00172000 08:06 12592025                   /usr/lib/x86_64-linux-gnu/libstdc++.so.6.0.21
7f13189e5000-7f13189ef000 r--p 00172000 08:06 12592025                   /usr/lib/x86_64-linux-gnu/libstdc++.so.6.0.21
7f13189ef000-7f13189f1000 rw-p 0017c000 08:06 12592025                   /usr/lib/x86_64-linux-gnu/libstdc++.so.6.0.21
7f13189f1000-7f13189f5000 rw-p 00000000 00:00 0 
7f13189f5000-7f13189f7000 r--s 0000a000 08:06 19140962                   /home/hilary/.gradle/wrapper/dists/gradle-3.3-all/55gk2rcmfc6p2dg9u9ohc3hw9/gradle-3.3/lib/plugins/maven-settings-3.0.4.jar
7f13189f7000-7f13189fb000 r--s 0001d000 08:06 19140957                   /home/hilary/.gradle/wrapper/dists/gradle-3.3-all/55gk2rcmfc6p2dg9u9ohc3hw9/gradle-3.3/lib/plugins/xbean-reflect-3.4.jar
7f13189fb000-7f1318a00000 r--s 00034000 08:06 19140941                   /home/hilary/.gradle/wrapper/dists/gradle-3.3-all/55gk2rcmfc6p2dg9u9ohc3hw9/gradle-3.3/lib/plugins/gson-2.7.jar
7f1318a00000-7f1318a0f000 r--s 000d9000 08:06 19140956                   /home/hilary/.gradle/wrapper/dists/gradle-3.3-all/55gk2rcmfc6p2dg9u9ohc3hw9/gradle-3.3/lib/plugins/ivy-2.2.0.jar
7f1318a0f000-7f1318a11000 r--s 00005000 08:06 19140923                   /home/hilary/.gradle/wrapper/dists/gradle-3.3-all/55gk2rcmfc6p2dg9u9ohc3hw9/gradle-3.3/lib/plugins/gradle-workers-3.3.jar
7f1318a11000-7f1318a16000 r-xp 00000000 08:06 17833743                   /home/hilary/.gradle/native/23/linux-amd64/libnative-platform.so
7f1318a16000-7f1318c15000 ---p 00005000 08:06 17833743                   /home/hilary/.gradle/native/23/linux-amd64/libnative-platform.so
7f1318c15000-7f1318c16000 rw-p 00004000 08:06 17833743                   /home/hilary/.gradle/native/23/linux-amd64/libnative-platform.so
7f1318c16000-7f1318c27000 r-xp 00000000 08:06 4587871                    /home/hilary/android-studio/jre/jre/lib/amd64/libnio.so
7f1318c27000-7f1318e26000 ---p 00011000 08:06 4587871                    /home/hilary/android-studio/jre/jre/lib/amd64/libnio.so
7f1318e26000-7f1318e27000 r--p 00010000 08:06 4587871                    /home/hilary/android-studio/jre/jre/lib/amd64/libnio.so
7f1318e27000-7f1318e28000 rw-p 00011000 08:06 4587871                    /home/hilary/android-studio/jre/jre/lib/amd64/libnio.so
7f1318e28000-7f1319129000 rw-p 00000000 00:00 0 
7f1319129000-7f1319140000 r-xp 00000000 08:06 4587870                    /home/hilary/android-studio/jre/jre/lib/amd64/libnet.so
7f1319140000-7f131933f000 ---p 00017000 08:06 4587870                    /home/hilary/android-studio/jre/jre/lib/amd64/libnet.so
7f131933f000-7f1319340000 r--p 00016000 08:06 4587870                    /home/hilary/android-studio/jre/jre/lib/amd64/libnet.so
7f1319340000-7f1319341000 rw-p 00017000 08:06 4587870                    /home/hilary/android-studio/jre/jre/lib/amd64/libnet.so
7f1319341000-7f1319342000 r--s 00006000 08:06 19007442                   /home/hilary/.gradle/wrapper/dists/gradle-3.3-all/55gk2rcmfc6p2dg9u9ohc3hw9/gradle-3.3/lib/gradle-wrapper-3.3.jar
7f1319342000-7f131934f000 r--s 00041000 08:06 19007449                   /home/hilary/.gradle/wrapper/dists/gradle-3.3-all/55gk2rcmfc6p2dg9u9ohc3hw9/gradle-3.3/lib/gradle-tooling-api-3.3.jar
7f131934f000-7f1319351000 r--s 00002000 08:06 19007469                   /home/hilary/.gradle/wrapper/dists/gradle-3.3-all/55gk2rcmfc6p2dg9u9ohc3hw9/gradle-3.3/lib/gradle-open-api-3.3.jar
7f1319351000-7f1319357000 r--s 00032000 08:06 19007471                   /home/hilary/.gradle/wrapper/dists/gradle-3.3-all/55gk2rcmfc6p2dg9u9ohc3hw9/gradle-3.3/lib/jaxen-1.1.jar
7f1319357000-7f131935c000 r--s 00048000 08:06 19007470                   /home/hilary/.gradle/wrapper/dists/gradle-3.3-all/55gk2rcmfc6p2dg9u9ohc3hw9/gradle-3.3/lib/dom4j-1.6.1.jar
7f131935c000-7f1319367000 r--s 00059000 08:06 19007448                   /home/hilary/.gradle/wrapper/dists/gradle-3.3-all/55gk2rcmfc6p2dg9u9ohc3hw9/gradle-3.3/lib/gradle-ui-3.3.jar
7f1319367000-7f1319370000 r--s 0008c000 08:06 19007440                   /home/hilary/.gradle/wrapper/dists/gradle-3.3-all/55gk2rcmfc6p2dg9u9ohc3hw9/gradle-3.3/lib/kotlin-stdlib-1.1-M02.jar
7f1319370000-7f1319376000 r--s 0002a000 08:06 19007439                   /home/hilary/.gradle/wrapper/dists/gradle-3.3-all/55gk2rcmfc6p2dg9u9ohc3hw9/gradle-3.3/lib/kotlin-runtime-1.1-M02.jar
7f1319376000-7f13193aa000 r--s 00256000 08:06 19007438                   /home/hilary/.gradle/wrapper/dists/gradle-3.3-all/55gk2rcmfc6p2dg9u9ohc3hw9/gradle-3.3/lib/kotlin-reflect-1.1-M02.jar
7f13193aa000-7f1319540000 r--s 0157e000 08:06 19007437                   /home/hilary/.gradle/wrapper/dists/gradle-3.3-all/55gk2rcmfc6p2dg9u9ohc3hw9/gradle-3.3/lib/kotlin-compiler-embeddable-1.1-M02.jar
7f1319540000-7f1319548000 r--s 0004e000 08:06 19007436                   /home/hilary/.gradle/wrapper/dists/gradle-3.3-all/55gk2rcmfc6p2dg9u9ohc3hw9/gradle-3.3/lib/gradle-script-kotlin-0.5.1.jar
7f1319548000-7f131954b000 r--s 0000b000 08:06 19007467                   /home/hilary/.gradle/wrapper/dists/gradle-3.3-all/55gk2rcmfc6p2dg9u9ohc3hw9/gradle-3.3/lib/gradle-resources-3.3.jar
7f131954b000-7f131954d000 r--s 00003000 08:06 19007476                   /home/hilary/.gradle/wrapper/dists/gradle-3.3-all/55gk2rcmfc6p2dg9u9ohc3hw9/gradle-3.3/lib/jcl-over-slf4j-1.7.10.jar
7f131954d000-7f131954e000 r--s 00005000 08:06 19007475                   /home/hilary/.gradle/wrapper/dists/gradle-3.3-all/55gk2rcmfc6p2dg9u9ohc3hw9/gradle-3.3/lib/log4j-over-slf4j-1.7.10.jar
7f131954e000-7f1319550000 r--s 00000000 08:06 19007474                   /home/hilary/.gradle/wrapper/dists/gradle-3.3-all/55gk2rcmfc6p2dg9u9ohc3hw9/gradle-3.3/lib/jul-to-slf4j-1.7.10.jar
7f1319550000-7f1319555000 r--s 0001e000 08:06 19007451                   /home/hilary/.gradle/wrapper/dists/gradle-3.3-all/55gk2rcmfc6p2dg9u9ohc3hw9/gradle-3.3/lib/gradle-logging-3.3.jar
7f1319555000-7f1319557000 r--s 00007000 08:06 19007495                   /home/hilary/.gradle/wrapper/dists/gradle-3.3-all/55gk2rcmfc6p2dg9u9ohc3hw9/gradle-3.3/lib/objenesis-1.2.jar
7f1319557000-7f1319559000 r--s 00000000 08:06 19007494                   /home/hilary/.gradle/wrapper/dists/gradle-3.3-all/55gk2rcmfc6p2dg9u9ohc3hw9/gradle-3.3/lib/minlog-1.2.jar
7f1319559000-7f131955b000 r--s 0000f000 08:06 19007493                   /home/hilary/.gradle/wrapper/dists/gradle-3.3-all/55gk2rcmfc6p2dg9u9ohc3hw9/gradle-3.3/lib/reflectasm-1.07-shaded.jar
7f131955b000-7f131955f000 r--s 00026000 08:06 19007478                   /home/hilary/.gradle/wrapper/dists/gradle-3.3-all/55gk2rcmfc6p2dg9u9ohc3hw9/gradle-3.3/lib/kryo-2.20.jar
7f131955f000-7f1319565000 r--s 00027000 08:06 19007466                   /home/hilary/.gradle/wrapper/dists/gradle-3.3-all/55gk2rcmfc6p2dg9u9ohc3hw9/gradle-3.3/lib/gradle-messaging-3.3.jar
7f1319565000-7f1319566000 r--s 00001000 08:06 19007492                   /home/hilary/.gradle/wrapper/dists/gradle-3.3-all/55gk2rcmfc6p2dg9u9ohc3hw9/gradle-3.3/lib/native-platform-linux-i386-ncurses6-0.12.jar
7f1319566000-7f1319567000 r--s 00001000 08:06 19007491                   /home/hilary/.gradle/wrapper/dists/gradle-3.3-all/55gk2rcmfc6p2dg9u9ohc3hw9/gradle-3.3/lib/native-platform-linux-i386-ncurses5-0.12.jar
7f1319567000-7f1319568000 r--s 00001000 08:06 19007490                   /home/hilary/.gradle/wrapper/dists/gradle-3.3-all/55gk2rcmfc6p2dg9u9ohc3hw9/gradle-3.3/lib/native-platform-linux-amd64-ncurses6-0.12.jar
7f1319568000-7f1319569000 r--s 00001000 08:06 19007489                   /home/hilary/.gradle/wrapper/dists/gradle-3.3-all/55gk2rcmfc6p2dg9u9ohc3hw9/gradle-3.3/lib/native-platform-linux-amd64-ncurses5-0.12.jar
7f1319569000-7f131956a000 r--s 0000b000 08:06 19007488                   /home/hilary/.gradle/wrapper/dists/gradle-3.3-all/55gk2rcmfc6p2dg9u9ohc3hw9/gradle-3.3/lib/native-platform-windows-i386-0.12.jar
7f131956a000-7f131956c000 r--s 0000b000 08:06 19007487                   /home/hilary/.gradle/wrapper/dists/gradle-3.3-all/55gk2rcmfc6p2dg9u9ohc3hw9/gradle-3.3/lib/native-platform-windows-amd64-0.12.jar
7f131956c000-7f131956e000 r--s 00002000 08:06 19007486                   /home/hilary/.gradle/wrapper/dists/gradle-3.3-all/55gk2rcmfc6p2dg9u9ohc3hw9/gradle-3.3/lib/native-platform-osx-i386-0.12.jar
7f131956e000-7f131956f000 r--s 00002000 08:06 19007485                   /home/hilary/.gradle/wrapper/dists/gradle-3.3-all/55gk2rcmfc6p2dg9u9ohc3hw9/gradle-3.3/lib/native-platform-osx-amd64-0.12.jar
7f131956f000-7f1319570000 r--s 00002000 08:06 19007484                   /home/hilary/.gradle/wrapper/dists/gradle-3.3-all/55gk2rcmfc6p2dg9u9ohc3hw9/gradle-3.3/lib/native-platform-linux-i386-0.12.jar
7f1319570000-7f1319571000 r--s 00002000 08:06 19007483                   /home/hilary/.gradle/wrapper/dists/gradle-3.3-all/55gk2rcmfc6p2dg9u9ohc3hw9/gradle-3.3/lib/native-platform-linux-amd64-0.12.jar
7f1319571000-7f1319572000 r--s 00003000 08:06 19007482                   /home/hilary/.gradle/wrapper/dists/gradle-3.3-all/55gk2rcmfc6p2dg9u9ohc3hw9/gradle-3.3/lib/native-platform-freebsd-i386-libstdcpp-0.12.jar
7f1319572000-7f1319573000 r--s 00004000 08:06 19007481                   /home/hilary/.gradle/wrapper/dists/gradle-3.3-all/55gk2rcmfc6p2dg9u9ohc3hw9/gradle-3.3/lib/native-platform-freebsd-i386-libcpp-0.12.jar
7f1319573000-7f1319575000 r--s 00003000 08:06 19007480                   /home/hilary/.gradle/wrapper/dists/gradle-3.3-all/55gk2rcmfc6p2dg9u9ohc3hw9/gradle-3.3/lib/native-platform-freebsd-amd64-libstdcpp-0.12.jar
7f1319575000-7f1319578000 r--s 00023000 08:06 19007473                   /home/hilary/.gradle/wrapper/dists/gradle-3.3-all/55gk2rcmfc6p2dg9u9ohc3hw9/gradle-3.3/lib/jansi-1.14.jar
7f1319578000-7f131957c000 r--s 00011000 08:06 19007472                   /home/hilary/.gradle/wrapper/dists/gradle-3.3-all/55gk2rcmfc6p2dg9u9ohc3hw9/gradle-3.3/lib/native-platform-0.12.jar
7f131957c000-7f131957f000 r--s 0000a000 08:06 19007450                   /home/hilary/.gradle/wrapper/dists/gradle-3.3-all/55gk2rcmfc6p2dg9u9ohc3hw9/gradle-3.3/lib/gradle-native-3.3.jar
7f131957f000-7f1319581000 r--s 00005000 08:06 19007447                   /home/hilary/.gradle/wrapper/dists/gradle-3.3-all/55gk2rcmfc6p2dg9u9ohc3hw9/gradle-3.3/lib/gradle-cli-3.3.jar
7f1319581000-7f13195f1000 r--s 00641000 08:06 19007456                   /home/hilary/.gradle/wrapper/dists/gradle-3.3-all/55gk2rcmfc6p2dg9u9ohc3hw9/gradle-3.3/lib/groovy-all-2.4.7.jar
7f13195f1000-7f13195f2000 ---p 00000000 00:00 0 
7f13195f2000-7f13196f2000 rw-p 00000000 00:00 0 
7f13196f2000-7f13196f5000 ---p 00000000 00:00 0 
7f13196f5000-7f13197f3000 rw-p 00000000 00:00 0 
7f13197f3000-7f13197f6000 ---p 00000000 00:00 0 
7f13197f6000-7f13198f4000 rw-p 00000000 00:00 0 
7f13198f4000-7f13198f7000 ---p 00000000 00:00 0 
7f13198f7000-7f13199f5000 rw-p 00000000 00:00 0 
7f13199f5000-7f13199f8000 ---p 00000000 00:00 0 
7f13199f8000-7f1319af6000 rw-p 00000000 00:00 0 
7f1319af6000-7f1319af9000 ---p 00000000 00:00 0 
7f1319af9000-7f1319bf7000 rw-p 00000000 00:00 0 
7f1319bf7000-7f131a000000 r--p 00000000 08:06 12602451                   /usr/lib/locale/locale-archive
7f131a000000-7f131d000000 rw-p 00000000 00:00 0 
7f131d000000-7f131f5c0000 rwxp 00000000 00:00 0 
7f131f5c0000-7f132c000000 ---p 00000000 00:00 0 
7f132c000000-7f132cd1a000 rw-p 00000000 00:00 0 
7f132cd1a000-7f1330000000 ---p 00000000 00:00 0 
7f1330000000-7f1330001000 r--s 00004000 08:06 19007479                   /home/hilary/.gradle/wrapper/dists/gradle-3.3-all/55gk2rcmfc6p2dg9u9ohc3hw9/gradle-3.3/lib/native-platform-freebsd-amd64-libcpp-0.12.jar
7f1330001000-7f1330003000 r--s 00007000 08:06 19007458                   /home/hilary/.gradle/wrapper/dists/gradle-3.3-all/55gk2rcmfc6p2dg9u9ohc3hw9/gradle-3.3/lib/gradle-model-groovy-3.3.jar
7f1330003000-7f1330005000 r--s 00006000 08:06 19007465                   /home/hilary/.gradle/wrapper/dists/gradle-3.3-all/55gk2rcmfc6p2dg9u9ohc3hw9/gradle-3.3/lib/gradle-base-services-groovy-3.3.jar
7f1330005000-7f1330014000 r--s 0007f000 08:06 19007457                   /home/hilary/.gradle/wrapper/dists/gradle-3.3-all/55gk2rcmfc6p2dg9u9ohc3hw9/gradle-3.3/lib/gradle-model-core-3.3.jar
7f1330014000-7f1330015000 r--s 00002000 08:06 19007468                   /home/hilary/.gradle/wrapper/dists/gradle-3.3-all/55gk2rcmfc6p2dg9u9ohc3hw9/gradle-3.3/lib/gradle-docs-3.3.jar
7f1330015000-7f1330022000 r--s 00083000 08:06 19007461                   /home/hilary/.gradle/wrapper/dists/gradle-3.3-all/55gk2rcmfc6p2dg9u9ohc3hw9/gradle-3.3/lib/commons-collections-3.2.2.jar
7f1330022000-7f133004a000 r--s 001cf000 08:06 19007453                   /home/hilary/.gradle/wrapper/dists/gradle-3.3-all/55gk2rcmfc6p2dg9u9ohc3hw9/gradle-3.3/lib/guava-jdk5-17.0.jar
7f133004a000-7f1330069000 r--s 001d1000 08:06 19007460                   /home/hilary/.gradle/wrapper/dists/gradle-3.3-all/55gk2rcmfc6p2dg9u9ohc3hw9/gradle-3.3/lib/ant-1.9.6.jar
7f1330069000-7f13300a6000 r--s 001f8000 08:06 19007446                   /home/hilary/.gradle/wrapper/dists/gradle-3.3-all/55gk2rcmfc6p2dg9u9ohc3hw9/gradle-3.3/lib/gradle-core-3.3.jar
7f13300a6000-7f13300a9000 ---p 00000000 00:00 0 
7f13300a9000-7f13301a7000 rw-p 00000000 00:00 0 
7f13301a7000-7f13301aa000 ---p 00000000 00:00 0 
7f13301aa000-7f13302a8000 rw-p 00000000 00:00 0 
7f13302a8000-7f13302a9000 ---p 00000000 00:00 0 
7f13302a9000-7f133138a000 rw-p 00000000 00:00 0 
7f133138a000-7f1331559000 r--s 03c1b000 08:06 4587838                    /home/hilary/android-studio/jre/jre/lib/rt.jar
7f1331559000-7f13320cf000 rw-p 00000000 00:00 0 
7f13320cf000-7f13320d0000 ---p 00000000 00:00 0 
7f13320d0000-7f13321d0000 rw-p 00000000 00:00 0 
7f13321d0000-7f13321d1000 ---p 00000000 00:00 0 
7f13321d1000-7f13322d1000 rw-p 00000000 00:00 0 
7f13322d1000-7f13322d2000 ---p 00000000 00:00 0 
7f13322d2000-7f13323d2000 rw-p 00000000 00:00 0 
7f13323d2000-7f13323d3000 ---p 00000000 00:00 0 
7f13323d3000-7f13326d3000 rw-p 00000000 00:00 0 
7f13326d3000-7f13328d3000 rw-p 00000000 00:00 0 
7f13328d3000-7f13329d3000 rw-p 00000000 00:00 0 
7f13329d3000-7f1332a6b000 rw-p 00000000 00:00 0 
7f1332a6b000-7f1332d94000 ---p 00000000 00:00 0 
7f1332d94000-7f1332dae000 r-xp 00000000 08:06 4587855                    /home/hilary/android-studio/jre/jre/lib/amd64/libzip.so
7f1332dae000-7f1332fae000 ---p 0001a000 08:06 4587855                    /home/hilary/android-studio/jre/jre/lib/amd64/libzip.so
7f1332fae000-7f1332faf000 r--p 0001a000 08:06 4587855                    /home/hilary/android-studio/jre/jre/lib/amd64/libzip.so
7f1332faf000-7f1332fb0000 rw-p 0001b000 08:06 4587855                    /home/hilary/android-studio/jre/jre/lib/amd64/libzip.so
7f1332fb0000-7f1332fbb000 r-xp 00000000 08:06 2500448                    /lib/x86_64-linux-gnu/libnss_files-2.23.so
7f1332fbb000-7f13331ba000 ---p 0000b000 08:06 2500448                    /lib/x86_64-linux-gnu/libnss_files-2.23.so
7f13331ba000-7f13331bb000 r--p 0000a000 08:06 2500448                    /lib/x86_64-linux-gnu/libnss_files-2.23.so
7f13331bb000-7f13331bc000 rw-p 0000b000 08:06 2500448                    /lib/x86_64-linux-gnu/libnss_files-2.23.so
7f13331bc000-7f13331c2000 rw-p 00000000 00:00 0 
7f13331c2000-7f13331cd000 r-xp 00000000 08:06 2500545                    /lib/x86_64-linux-gnu/libnss_nis-2.23.so
7f13331cd000-7f13333cc000 ---p 0000b000 08:06 2500545                    /lib/x86_64-linux-gnu/libnss_nis-2.23.so
7f13333cc000-7f13333cd000 r--p 0000a000 08:06 2500545                    /lib/x86_64-linux-gnu/libnss_nis-2.23.so
7f13333cd000-7f13333ce000 rw-p 0000b000 08:06 2500545                    /lib/x86_64-linux-gnu/libnss_nis-2.23.so
7f13333ce000-7f13333e4000 r-xp 00000000 08:06 2494862                    /lib/x86_64-linux-gnu/libnsl-2.23.so
7f13333e4000-7f13335e3000 ---p 00016000 08:06 2494862                    /lib/x86_64-linux-gnu/libnsl-2.23.so
7f13335e3000-7f13335e4000 r--p 00015000 08:06 2494862                    /lib/x86_64-linux-gnu/libnsl-2.23.so
7f13335e4000-7f13335e5000 rw-p 00016000 08:06 2494862                    /lib/x86_64-linux-gnu/libnsl-2.23.so
7f13335e5000-7f13335e7000 rw-p 00000000 00:00 0 
7f13335e7000-7f13335ef000 r-xp 00000000 08:06 2500551                    /lib/x86_64-linux-gnu/libnss_compat-2.23.so
7f13335ef000-7f13337ee000 ---p 00008000 08:06 2500551                    /lib/x86_64-linux-gnu/libnss_compat-2.23.so
7f13337ee000-7f13337ef000 r--p 00007000 08:06 2500551                    /lib/x86_64-linux-gnu/libnss_compat-2.23.so
7f13337ef000-7f13337f0000 rw-p 00008000 08:06 2500551                    /lib/x86_64-linux-gnu/libnss_compat-2.23.so
7f13337f0000-7f133381d000 r-xp 00000000 08:06 4587873                    /home/hilary/android-studio/jre/jre/lib/amd64/libjava.so
7f133381d000-7f1333a1c000 ---p 0002d000 08:06 4587873                    /home/hilary/android-studio/jre/jre/lib/amd64/libjava.so
7f1333a1c000-7f1333a1d000 r--p 0002c000 08:06 4587873                    /home/hilary/android-studio/jre/jre/lib/amd64/libjava.so
7f1333a1d000-7f1333a1f000 rw-p 0002d000 08:06 4587873                    /home/hilary/android-studio/jre/jre/lib/amd64/libjava.so
7f1333a1f000-7f1333a2f000 r-xp 00000000 08:06 4587844                    /home/hilary/android-studio/jre/jre/lib/amd64/libverify.so
7f1333a2f000-7f1333c2e000 ---p 00010000 08:06 4587844                    /home/hilary/android-studio/jre/jre/lib/amd64/libverify.so
7f1333c2e000-7f1333c30000 r--p 0000f000 08:06 4587844                    /home/hilary/android-studio/jre/jre/lib/amd64/libverify.so
7f1333c30000-7f1333c31000 rw-p 00011000 08:06 4587844                    /home/hilary/android-studio/jre/jre/lib/amd64/libverify.so
7f1333c31000-7f1333c38000 r-xp 00000000 08:06 2500547                    /lib/x86_64-linux-gnu/librt-2.23.so
7f1333c38000-7f1333e37000 ---p 00007000 08:06 2500547                    /lib/x86_64-linux-gnu/librt-2.23.so
7f1333e37000-7f1333e38000 r--p 00006000 08:06 2500547                    /lib/x86_64-linux-gnu/librt-2.23.so
7f1333e38000-7f1333e39000 rw-p 00007000 08:06 2500547                    /lib/x86_64-linux-gnu/librt-2.23.so
7f1333e39000-7f1333f41000 r-xp 00000000 08:06 2500556                    /lib/x86_64-linux-gnu/libm-2.23.so
7f1333f41000-7f1334140000 ---p 00108000 08:06 2500556                    /lib/x86_64-linux-gnu/libm-2.23.so
7f1334140000-7f1334141000 r--p 00107000 08:06 2500556                    /lib/x86_64-linux-gnu/libm-2.23.so
7f1334141000-7f1334142000 rw-p 00108000 08:06 2500556                    /lib/x86_64-linux-gnu/libm-2.23.so
7f1334142000-7f1334d33000 r-xp 00000000 08:06 4587853                    /home/hilary/android-studio/jre/jre/lib/amd64/server/libjvm.so
7f1334d33000-7f1334f33000 ---p 00bf1000 08:06 4587853                    /home/hilary/android-studio/jre/jre/lib/amd64/server/libjvm.so
7f1334f33000-7f1334fd2000 r--p 00bf1000 08:06 4587853                    /home/hilary/android-studio/jre/jre/lib/amd64/server/libjvm.so
7f1334fd2000-7f1334ffb000 rw-p 00c90000 08:06 4587853                    /home/hilary/android-studio/jre/jre/lib/amd64/server/libjvm.so
7f1334ffb000-7f133503f000 rw-p 00000000 00:00 0 
7f133503f000-7f1335057000 r-xp 00000000 08:06 2500450                    /lib/x86_64-linux-gnu/libpthread-2.23.so
7f1335057000-7f1335256000 ---p 00018000 08:06 2500450                    /lib/x86_64-linux-gnu/libpthread-2.23.so
7f1335256000-7f1335257000 r--p 00017000 08:06 2500450                    /lib/x86_64-linux-gnu/libpthread-2.23.so
7f1335257000-7f1335258000 rw-p 00018000 08:06 2500450                    /lib/x86_64-linux-gnu/libpthread-2.23.so
7f1335258000-7f133525c000 rw-p 00000000 00:00 0 
7f133525c000-7f133525f000 r-xp 00000000 08:06 2500550                    /lib/x86_64-linux-gnu/libdl-2.23.so
7f133525f000-7f133545e000 ---p 00003000 08:06 2500550                    /lib/x86_64-linux-gnu/libdl-2.23.so
7f133545e000-7f133545f000 r--p 00002000 08:06 2500550                    /lib/x86_64-linux-gnu/libdl-2.23.so
7f133545f000-7f1335460000 rw-p 00003000 08:06 2500550                    /lib/x86_64-linux-gnu/libdl-2.23.so
7f1335460000-7f1335620000 r-xp 00000000 08:06 2500561                    /lib/x86_64-linux-gnu/libc-2.23.so
7f1335620000-7f1335820000 ---p 001c0000 08:06 2500561                    /lib/x86_64-linux-gnu/libc-2.23.so
7f1335820000-7f1335824000 r--p 001c0000 08:06 2500561                    /lib/x86_64-linux-gnu/libc-2.23.so
7f1335824000-7f1335826000 rw-p 001c4000 08:06 2500561                    /lib/x86_64-linux-gnu/libc-2.23.so
7f1335826000-7f133582a000 rw-p 00000000 00:00 0 
7f133582a000-7f1335840000 r-xp 00000000 08:06 4587794                    /home/hilary/android-studio/jre/lib/amd64/jli/libjli.so
7f1335840000-7f1335a3f000 ---p 00016000 08:06 4587794                    /home/hilary/android-studio/jre/lib/amd64/jli/libjli.so
7f1335a3f000-7f1335a40000 r--p 00015000 08:06 4587794                    /home/hilary/android-studio/jre/lib/amd64/jli/libjli.so
7f1335a40000-7f1335a41000 rw-p 00016000 08:06 4587794                    /home/hilary/android-studio/jre/lib/amd64/jli/libjli.so
7f1335a41000-7f1335a67000 r-xp 00000000 08:06 2500436                    /lib/x86_64-linux-gnu/ld-2.23.so
7f1335a67000-7f1335a68000 r--s 00000000 08:06 19007464                   /home/hilary/.gradle/wrapper/dists/gradle-3.3-all/55gk2rcmfc6p2dg9u9ohc3hw9/gradle-3.3/lib/javax.inject-1.jar
7f1335a68000-7f1335a69000 r--s 00000000 08:06 19007463                   /home/hilary/.gradle/wrapper/dists/gradle-3.3-all/55gk2rcmfc6p2dg9u9ohc3hw9/gradle-3.3/lib/jcip-annotations-1.0.jar
7f1335a69000-7f1335a6d000 r--s 00027000 08:06 19007462                   /home/hilary/.gradle/wrapper/dists/gradle-3.3-all/55gk2rcmfc6p2dg9u9ohc3hw9/gradle-3.3/lib/commons-io-2.2.jar
7f1335a6d000-7f1335a72000 r--s 00038000 08:06 19007459                   /home/hilary/.gradle/wrapper/dists/gradle-3.3-all/55gk2rcmfc6p2dg9u9ohc3hw9/gradle-3.3/lib/asm-all-5.1.jar
7f1335a72000-7f1335a73000 r--s 00001000 08:06 19007455                   /home/hilary/.gradle/wrapper/dists/gradle-3.3-all/55gk2rcmfc6p2dg9u9ohc3hw9/gradle-3.3/lib/gradle-process-services-3.3.jar
7f1335a73000-7f1335a78000 r--s 00041000 08:06 19007454                   /home/hilary/.gradle/wrapper/dists/gradle-3.3-all/55gk2rcmfc6p2dg9u9ohc3hw9/gradle-3.3/lib/commons-lang-2.6.jar
7f1335a78000-7f1335a81000 r--s 00042000 08:06 19007444                   /home/hilary/.gradle/wrapper/dists/gradle-3.3-all/55gk2rcmfc6p2dg9u9ohc3hw9/gradle-3.3/lib/gradle-base-services-3.3.jar
7f1335a81000-7f1335b43000 rw-p 00000000 00:00 0 
7f1335b43000-7f1335b46000 ---p 00000000 00:00 0 
7f1335b46000-7f1335c48000 rw-p 00000000 00:00 0 
7f1335c48000-7f1335c4a000 r--s 00000000 08:06 19007445                   /home/hilary/.gradle/wrapper/dists/gradle-3.3-all/55gk2rcmfc6p2dg9u9ohc3hw9/gradle-3.3/lib/gradle-jvm-services-3.3.jar
7f1335c4a000-7f1335c4b000 r--s 00000000 08:06 19007496                   /home/hilary/.gradle/wrapper/dists/gradle-3.3-all/55gk2rcmfc6p2dg9u9ohc3hw9/gradle-3.3/lib/gradle-version-info-3.3.jar
7f1335c4b000-7f1335c4c000 r--s 00007000 08:06 19007452                   /home/hilary/.gradle/wrapper/dists/gradle-3.3-all/55gk2rcmfc6p2dg9u9ohc3hw9/gradle-3.3/lib/slf4j-api-1.7.10.jar
7f1335c4c000-7f1335c4d000 r--s 00004000 08:06 19007477                   /home/hilary/.gradle/wrapper/dists/gradle-3.3-all/55gk2rcmfc6p2dg9u9ohc3hw9/gradle-3.3/lib/ant-launcher-1.9.6.jar
7f1335c4d000-7f1335c5a000 r--s 0005c000 08:06 19007441                   /home/hilary/.gradle/wrapper/dists/gradle-3.3-all/55gk2rcmfc6p2dg9u9ohc3hw9/gradle-3.3/lib/gradle-launcher-3.3.jar
7f1335c5a000-7f1335c62000 rw-s 00000000 08:06 13775810                   /tmp/hsperfdata_hilary/2531
7f1335c62000-7f1335c63000 rw-p 00000000 00:00 0 
7f1335c63000-7f1335c64000 ---p 00000000 00:00 0 
7f1335c64000-7f1335c66000 rw-p 00000000 00:00 0 
7f1335c66000-7f1335c67000 r--p 00025000 08:06 2500436                    /lib/x86_64-linux-gnu/ld-2.23.so
7f1335c67000-7f1335c68000 rw-p 00026000 08:06 2500436                    /lib/x86_64-linux-gnu/ld-2.23.so
7f1335c68000-7f1335c69000 rw-p 00000000 00:00 0 
7ffcff1f1000-7ffcff212000 rw-p 00000000 00:00 0                          [stack]
7ffcff337000-7ffcff339000 r--p 00000000 00:00 0                          [vvar]
7ffcff339000-7ffcff33b000 r-xp 00000000 00:00 0                          [vdso]
ffffffffff600000-ffffffffff601000 r-xp 00000000 00:00 0                  [vsyscall]

VM Arguments:
jvm_args: -Xmx1536m -Dfile.encoding=UTF-8 -Duser.country=US -Duser.language=en -Duser.variant 
java_command: org.gradle.launcher.daemon.bootstrap.GradleDaemon 3.3
java_class_path (initial): /home/hilary/.gradle/wrapper/dists/gradle-3.3-all/55gk2rcmfc6p2dg9u9ohc3hw9/gradle-3.3/lib/gradle-launcher-3.3.jar
Launcher Type: SUN_STANDARD

Environment Variables:
JAVA_HOME=/usr/lib/jvm/java-8-oracle
PATH=/home/hilary/bin:/home/hilary/.local/bin:/usr/local/sbin:/usr/local/bin:/usr/sbin:/usr/bin:/sbin:/bin:/usr/games:/usr/local/games:/snap/bin:/usr/lib/jvm/java-8-oracle/bin:/usr/lib/jvm/java-8-oracle/db/bin:/usr/lib/jvm/java-8-oracle/jre/bin
LD_LIBRARY_PATH=/home/hilary/android-studio/bin:
SHELL=/usr/bin/zsh
DISPLAY=:0

Signal Handlers:
SIGSEGV: [libjvm.so+0x9e5150], sa_mask[0]=11111111011111111101111111111110, sa_flags=SA_RESTART|SA_SIGINFO
SIGBUS: [libjvm.so+0x9e5150], sa_mask[0]=11111111011111111101111111111110, sa_flags=SA_RESTART|SA_SIGINFO
SIGFPE: [libjvm.so+0x848450], sa_mask[0]=11111111011111111101111111111110, sa_flags=SA_RESTART|SA_SIGINFO
SIGPIPE: [libjvm.so+0x848450], sa_mask[0]=11111111011111111101111111111110, sa_flags=SA_RESTART|SA_SIGINFO
SIGXFSZ: [libjvm.so+0x848450], sa_mask[0]=11111111011111111101111111111110, sa_flags=SA_RESTART|SA_SIGINFO
SIGILL: [libjvm.so+0x848450], sa_mask[0]=11111111011111111101111111111110, sa_flags=SA_RESTART|SA_SIGINFO
SIGUSR1: SIG_DFL, sa_mask[0]=00000000000000000000000000000000, sa_flags=none
SIGUSR2: [libjvm.so+0x848320], sa_mask[0]=00100000000000000000000000000000, sa_flags=SA_RESTART|SA_SIGINFO
SIGHUP: [libjvm.so+0x848510], sa_mask[0]=11111111011111111101111111111110, sa_flags=SA_RESTART|SA_SIGINFO
SIGINT: [libjvm.so+0x848510], sa_mask[0]=11111111011111111101111111111110, sa_flags=SA_RESTART|SA_SIGINFO
SIGTERM: [libjvm.so+0x848510], sa_mask[0]=11111111011111111101111111111110, sa_flags=SA_RESTART|SA_SIGINFO
SIGQUIT: [libjvm.so+0x848510], sa_mask[0]=11111111011111111101111111111110, sa_flags=SA_RESTART|SA_SIGINFO


---------------  S Y S T E M  ---------------

OS:DISTRIB_ID=Ubuntu
DISTRIB_RELEASE=16.04
DISTRIB_CODENAME=xenial
DISTRIB_DESCRIPTION="Ubuntu 16.04.2 LTS"

uname:Linux 4.10.0-33-generic #37~16.04.1-Ubuntu SMP Fri Aug 11 14:07:24 UTC 2017 x86_64
libc:glibc 2.23 NPTL 2.23 
rlimit: STACK 8192k, CORE 0k, NPROC 31246, NOFILE 65536, AS infinity
load average:4.41 3.81 2.65

/proc/meminfo:
MemTotal:        8043620 kB
MemFree:          132900 kB
MemAvailable:    1945668 kB
Buffers:          290640 kB
Cached:          1760432 kB
SwapCached:          504 kB
Active:          6235564 kB
Inactive:        1203964 kB
Active(anon):    4930968 kB
Inactive(anon):   705608 kB
Active(file):    1304596 kB
Inactive(file):   498356 kB
Unevictable:         128 kB
Mlocked:             128 kB
SwapTotal:       8256508 kB
SwapFree:        8250028 kB
Dirty:               660 kB
Writeback:             0 kB
AnonPages:       5226572 kB
Mapped:           364308 kB
Shmem:            248120 kB
Slab:             356768 kB
SReclaimable:     313572 kB
SUnreclaim:        43196 kB
KernelStack:       10688 kB
PageTables:        47276 kB
NFS_Unstable:          0 kB
Bounce:                0 kB
WritebackTmp:          0 kB
CommitLimit:    12278316 kB
Committed_AS:    9732412 kB
VmallocTotal:   34359738367 kB
VmallocUsed:           0 kB
VmallocChunk:          0 kB
HardwareCorrupted:     0 kB
AnonHugePages:   1794048 kB
ShmemHugePages:        0 kB
ShmemPmdMapped:        0 kB
CmaTotal:              0 kB
CmaFree:               0 kB
HugePages_Total:       0
HugePages_Free:        0
HugePages_Rsvd:        0
HugePages_Surp:        0
Hugepagesize:       2048 kB
DirectMap4k:      169428 kB
DirectMap2M:     8089600 kB


CPU:total 4 (2 cores per cpu, 2 threads per core) family 6 model 58 stepping 9, cmov, cx8, fxsr, mmx, sse, sse2, sse3, ssse3, sse4.1, sse4.2, popcnt, avx, aes, clmul, erms, ht, tsc, tscinvbit, tscinv

/proc/cpuinfo:
processor	: 0
vendor_id	: GenuineIntel
cpu family	: 6
model		: 58
model name	: Intel(R) Core(TM) i5-3230M CPU @ 2.60GHz
stepping	: 9
microcode	: 0x15
cpu MHz		: 2999.902
cache size	: 3072 KB
physical id	: 0
siblings	: 4
core id		: 0
cpu cores	: 2
apicid		: 0
initial apicid	: 0
fpu		: yes
fpu_exception	: yes
cpuid level	: 13
wp		: yes
flags		: fpu vme de pse tsc msr pae mce cx8 apic sep mtrr pge mca cmov pat pse36 clflush dts acpi mmx fxsr sse sse2 ss ht tm pbe syscall nx rdtscp lm constant_tsc arch_perfmon pebs bts rep_good nopl xtopology nonstop_tsc aperfmperf pni pclmulqdq dtes64 monitor ds_cpl vmx est tm2 ssse3 cx16 xtpr pdcm pcid sse4_1 sse4_2 x2apic popcnt tsc_deadline_timer aes xsave avx f16c rdrand lahf_lm epb tpr_shadow vnmi flexpriority ept vpid fsgsbase smep erms xsaveopt dtherm ida arat pln pts
bugs		:
bogomips	: 5182.69
clflush size	: 64
cache_alignment	: 64
address sizes	: 36 bits physical, 48 bits virtual
power management:

processor	: 1
vendor_id	: GenuineIntel
cpu family	: 6
model		: 58
model name	: Intel(R) Core(TM) i5-3230M CPU @ 2.60GHz
stepping	: 9
microcode	: 0x15
cpu MHz		: 2999.902
cache size	: 3072 KB
physical id	: 0
siblings	: 4
core id		: 1
cpu cores	: 2
apicid		: 2
initial apicid	: 2
fpu		: yes
fpu_exception	: yes
cpuid level	: 13
wp		: yes
flags		: fpu vme de pse tsc msr pae mce cx8 apic sep mtrr pge mca cmov pat pse36 clflush dts acpi mmx fxsr sse sse2 ss ht tm pbe syscall nx rdtscp lm constant_tsc arch_perfmon pebs bts rep_good nopl xtopology nonstop_tsc aperfmperf pni pclmulqdq dtes64 monitor ds_cpl vmx est tm2 ssse3 cx16 xtpr pdcm pcid sse4_1 sse4_2 x2apic popcnt tsc_deadline_timer aes xsave avx f16c rdrand lahf_lm epb tpr_shadow vnmi flexpriority ept vpid fsgsbase smep erms xsaveopt dtherm ida arat pln pts
bugs		:
bogomips	: 5182.69
clflush size	: 64
cache_alignment	: 64
address sizes	: 36 bits physical, 48 bits virtual
power management:

processor	: 2
vendor_id	: GenuineIntel
cpu family	: 6
model		: 58
model name	: Intel(R) Core(TM) i5-3230M CPU @ 2.60GHz
stepping	: 9
microcode	: 0x15
cpu MHz		: 2999.902
cache size	: 3072 KB
physical id	: 0
siblings	: 4
core id		: 0
cpu cores	: 2
apicid		: 1
initial apicid	: 1
fpu		: yes
fpu_exception	: yes
cpuid level	: 13
wp		: yes
flags		: fpu vme de pse tsc msr pae mce cx8 apic sep mtrr pge mca cmov pat pse36 clflush dts acpi mmx fxsr sse sse2 ss ht tm pbe syscall nx rdtscp lm constant_tsc arch_perfmon pebs bts rep_good nopl xtopology nonstop_tsc aperfmperf pni pclmulqdq dtes64 monitor ds_cpl vmx est tm2 ssse3 cx16 xtpr pdcm pcid sse4_1 sse4_2 x2apic popcnt tsc_deadline_timer aes xsave avx f16c rdrand lahf_lm epb tpr_shadow vnmi flexpriority ept vpid fsgsbase smep erms xsaveopt dtherm ida arat pln pts
bugs		:
bogomips	: 5182.69
clflush size	: 64
cache_alignment	: 64
address sizes	: 36 bits physical, 48 bits virtual
power management:

processor	: 3
vendor_id	: GenuineIntel
cpu family	: 6
model		: 58
model name	: Intel(R) Core(TM) i5-3230M CPU @ 2.60GHz
stepping	: 9
microcode	: 0x15
cpu MHz		: 2999.902
cache size	: 3072 KB
physical id	: 0
siblings	: 4
core id		: 1
cpu cores	: 2
apicid		: 3
initial apicid	: 3
fpu		: yes
fpu_exception	: yes
cpuid level	: 13
wp		: yes
flags		: fpu vme de pse tsc msr pae mce cx8 apic sep mtrr pge mca cmov pat pse36 clflush dts acpi mmx fxsr sse sse2 ss ht tm pbe syscall nx rdtscp lm constant_tsc arch_perfmon pebs bts rep_good nopl xtopology nonstop_tsc aperfmperf pni pclmulqdq dtes64 monitor ds_cpl vmx est tm2 ssse3 cx16 xtpr pdcm pcid sse4_1 sse4_2 x2apic popcnt tsc_deadline_timer aes xsave avx f16c rdrand lahf_lm epb tpr_shadow vnmi flexpriority ept vpid fsgsbase smep erms xsaveopt dtherm ida arat pln pts
bugs		:
bogomips	: 5182.69
clflush size	: 64
cache_alignment	: 64
address sizes	: 36 bits physical, 48 bits virtual
power management:



Memory: 4k page, physical 8043620k(132900k free), swap 8256508k(8250028k free)

vm_info: OpenJDK 64-Bit Server VM (25.112-b06) for linux-amd64 JRE (1.8.0_112-release-b06), built on Dec  6 2016 12:11:18 by "builder" with gcc 4.8.4

time: Thu Sep 21 16:42:11 2017
elapsed time: 53 seconds (0d 0h 0m 53s)

